09 03, 2021 20:36:02 下午 top.greatxiaozou.diyTomcat.Bootstrap logJVM
INFO : Server version:		Greatxiaozou DiyTomcat/1.0.1
09 03, 2021 20:36:02 下午 top.greatxiaozou.diyTomcat.Bootstrap logJVM
INFO : Server built:		2020-04-08 10:20:22
09 03, 2021 20:36:02 下午 top.greatxiaozou.diyTomcat.Bootstrap logJVM
INFO : Server number:		1.0.1
09 03, 2021 20:36:02 下午 top.greatxiaozou.diyTomcat.Bootstrap logJVM
INFO : OS Name	:		Windows 10
09 03, 2021 20:36:02 下午 top.greatxiaozou.diyTomcat.Bootstrap logJVM
INFO : OS Version:		10.0
09 03, 2021 20:36:02 下午 top.greatxiaozou.diyTomcat.Bootstrap logJVM
INFO : Architecture:		x86
09 03, 2021 20:36:02 下午 top.greatxiaozou.diyTomcat.Bootstrap logJVM
INFO : Java Home:		C:\Program Files (x86)\Java\jdk1.8.0_271\jre
09 03, 2021 20:36:02 下午 top.greatxiaozou.diyTomcat.Bootstrap logJVM
INFO : JVM Version:		1.8.0_271-b09
09 03, 2021 20:36:02 下午 top.greatxiaozou.diyTomcat.Bootstrap logJVM
INFO : JVM Vendor:		Oracle Corporation
09 03, 2021 20:53:34 下午 top.greatxiaozou.diyTomcat.Bootstrap logJVM
INFO : Server version:		Greatxiaozou DiyTomcat/1.0.1
09 03, 2021 20:53:34 下午 top.greatxiaozou.diyTomcat.Bootstrap logJVM
INFO : Server built:		2020-04-08 10:20:22
09 03, 2021 20:53:34 下午 top.greatxiaozou.diyTomcat.Bootstrap logJVM
INFO : Server number:		1.0.1
09 03, 2021 20:53:34 下午 top.greatxiaozou.diyTomcat.Bootstrap logJVM
INFO : OS Name	:		Windows 10
09 03, 2021 20:53:34 下午 top.greatxiaozou.diyTomcat.Bootstrap logJVM
INFO : OS Version:		10.0
09 03, 2021 20:53:34 下午 top.greatxiaozou.diyTomcat.Bootstrap logJVM
INFO : Architecture:		x86
09 03, 2021 20:53:34 下午 top.greatxiaozou.diyTomcat.Bootstrap logJVM
INFO : Java Home:		C:\Program Files (x86)\Java\jdk1.8.0_271\jre
09 03, 2021 20:53:34 下午 top.greatxiaozou.diyTomcat.Bootstrap logJVM
INFO : JVM Version:		1.8.0_271-b09
09 03, 2021 20:53:34 下午 top.greatxiaozou.diyTomcat.Bootstrap logJVM
INFO : JVM Vendor:		Oracle Corporation
09 03, 2021 20:56:00 下午 top.greatxiaozou.diyTomcat.Bootstrap logJVM
INFO : Server version:		Greatxiaozou DiyTomcat/1.0.1
09 03, 2021 20:56:00 下午 top.greatxiaozou.diyTomcat.Bootstrap logJVM
INFO : Server built:		2020-04-08 10:20:22
09 03, 2021 20:56:00 下午 top.greatxiaozou.diyTomcat.Bootstrap logJVM
INFO : Server number:		1.0.1
09 03, 2021 20:56:00 下午 top.greatxiaozou.diyTomcat.Bootstrap logJVM
INFO : OS Name	:		Windows 10
09 03, 2021 20:56:00 下午 top.greatxiaozou.diyTomcat.Bootstrap logJVM
INFO : OS Version:		10.0
09 03, 2021 20:56:00 下午 top.greatxiaozou.diyTomcat.Bootstrap logJVM
INFO : Architecture:		x86
09 03, 2021 20:56:00 下午 top.greatxiaozou.diyTomcat.Bootstrap logJVM
INFO : Java Home:		C:\Program Files (x86)\Java\jdk1.8.0_271\jre
09 03, 2021 20:56:00 下午 top.greatxiaozou.diyTomcat.Bootstrap logJVM
INFO : JVM Version:		1.8.0_271-b09
09 03, 2021 20:56:00 下午 top.greatxiaozou.diyTomcat.Bootstrap logJVM
INFO : JVM Vendor:		Oracle Corporation
09 03, 2021 22:50:06 下午 top.greatxiaozou.diyTomcat.Bootstrap logJVM
INFO : Server version:		Greatxiaozou DiyTomcat/1.0.1
09 03, 2021 22:50:06 下午 top.greatxiaozou.diyTomcat.Bootstrap logJVM
INFO : Server built:		2020-04-08 10:20:22
09 03, 2021 22:50:06 下午 top.greatxiaozou.diyTomcat.Bootstrap logJVM
INFO : Server number:		1.0.1
09 03, 2021 22:50:06 下午 top.greatxiaozou.diyTomcat.Bootstrap logJVM
INFO : OS Name	:		Windows 10
09 03, 2021 22:50:06 下午 top.greatxiaozou.diyTomcat.Bootstrap logJVM
INFO : OS Version:		10.0
09 03, 2021 22:50:06 下午 top.greatxiaozou.diyTomcat.Bootstrap logJVM
INFO : Architecture:		x86
09 03, 2021 22:50:06 下午 top.greatxiaozou.diyTomcat.Bootstrap logJVM
INFO : Java Home:		C:\Program Files (x86)\Java\jdk1.8.0_271\jre
09 03, 2021 22:50:06 下午 top.greatxiaozou.diyTomcat.Bootstrap logJVM
INFO : JVM Version:		1.8.0_271-b09
09 03, 2021 22:50:06 下午 top.greatxiaozou.diyTomcat.Bootstrap logJVM
INFO : JVM Vendor:		Oracle Corporation
09 03, 2021 22:50:43 下午 top.greatxiaozou.diyTomcat.Bootstrap logJVM
INFO : Server version:		Greatxiaozou DiyTomcat/1.0.1
09 03, 2021 22:50:43 下午 top.greatxiaozou.diyTomcat.Bootstrap logJVM
INFO : Server built:		2020-04-08 10:20:22
09 03, 2021 22:50:43 下午 top.greatxiaozou.diyTomcat.Bootstrap logJVM
INFO : Server number:		1.0.1
09 03, 2021 22:50:43 下午 top.greatxiaozou.diyTomcat.Bootstrap logJVM
INFO : OS Name	:		Windows 10
09 03, 2021 22:50:43 下午 top.greatxiaozou.diyTomcat.Bootstrap logJVM
INFO : OS Version:		10.0
09 03, 2021 22:50:43 下午 top.greatxiaozou.diyTomcat.Bootstrap logJVM
INFO : Architecture:		x86
09 03, 2021 22:50:43 下午 top.greatxiaozou.diyTomcat.Bootstrap logJVM
INFO : Java Home:		C:\Program Files (x86)\Java\jdk1.8.0_271\jre
09 03, 2021 22:50:43 下午 top.greatxiaozou.diyTomcat.Bootstrap logJVM
INFO : JVM Version:		1.8.0_271-b09
09 03, 2021 22:50:43 下午 top.greatxiaozou.diyTomcat.Bootstrap logJVM
INFO : JVM Vendor:		Oracle Corporation
09 03, 2021 22:52:41 下午 top.greatxiaozou.diyTomcat.Bootstrap logJVM
INFO : Server version:		Greatxiaozou DiyTomcat/1.0.1
09 03, 2021 22:52:41 下午 top.greatxiaozou.diyTomcat.Bootstrap logJVM
INFO : Server built:		2020-04-08 10:20:22
09 03, 2021 22:52:41 下午 top.greatxiaozou.diyTomcat.Bootstrap logJVM
INFO : Server number:		1.0.1
09 03, 2021 22:52:41 下午 top.greatxiaozou.diyTomcat.Bootstrap logJVM
INFO : OS Name	:		Windows 10
09 03, 2021 22:52:41 下午 top.greatxiaozou.diyTomcat.Bootstrap logJVM
INFO : OS Version:		10.0
09 03, 2021 22:52:41 下午 top.greatxiaozou.diyTomcat.Bootstrap logJVM
INFO : Architecture:		x86
09 03, 2021 22:52:41 下午 top.greatxiaozou.diyTomcat.Bootstrap logJVM
INFO : Java Home:		C:\Program Files (x86)\Java\jdk1.8.0_271\jre
09 03, 2021 22:52:41 下午 top.greatxiaozou.diyTomcat.Bootstrap logJVM
INFO : JVM Version:		1.8.0_271-b09
09 03, 2021 22:52:41 下午 top.greatxiaozou.diyTomcat.Bootstrap logJVM
INFO : JVM Vendor:		Oracle Corporation
09 03, 2021 22:58:10 下午 top.greatxiaozou.diyTomcat.Context <init>
INFO : Deploying web application directory D:\intellij\work_space\diyTomcat\webapps\a
09 03, 2021 22:58:10 下午 top.greatxiaozou.diyTomcat.Context <init>
INFO : Deployment of web application D:\intellij\work_space\diyTomcat\webapps\a has finished in 112 ms
09 03, 2021 22:58:10 下午 top.greatxiaozou.diyTomcat.Context <init>
INFO : Deploying web application directory D:\intellij\work_space\diyTomcat\webapps\ROOT
09 03, 2021 22:58:10 下午 top.greatxiaozou.diyTomcat.Context <init>
INFO : Deployment of web application D:\intellij\work_space\diyTomcat\webapps\ROOT has finished in 0 ms
09 03, 2021 22:58:10 下午 top.greatxiaozou.diyTomcat.Bootstrap logJVM
INFO : Server version:		Greatxiaozou DiyTomcat/1.0.1
09 03, 2021 22:58:10 下午 top.greatxiaozou.diyTomcat.Bootstrap logJVM
INFO : Server built:		2020-04-08 10:20:22
09 03, 2021 22:58:10 下午 top.greatxiaozou.diyTomcat.Bootstrap logJVM
INFO : Server number:		1.0.1
09 03, 2021 22:58:10 下午 top.greatxiaozou.diyTomcat.Bootstrap logJVM
INFO : OS Name	:		Windows 10
09 03, 2021 22:58:10 下午 top.greatxiaozou.diyTomcat.Bootstrap logJVM
INFO : OS Version:		10.0
09 03, 2021 22:58:10 下午 top.greatxiaozou.diyTomcat.Bootstrap logJVM
INFO : Architecture:		x86
09 03, 2021 22:58:10 下午 top.greatxiaozou.diyTomcat.Bootstrap logJVM
INFO : Java Home:		C:\Program Files (x86)\Java\jdk1.8.0_271\jre
09 03, 2021 22:58:10 下午 top.greatxiaozou.diyTomcat.Bootstrap logJVM
INFO : JVM Version:		1.8.0_271-b09
09 03, 2021 22:58:10 下午 top.greatxiaozou.diyTomcat.Bootstrap logJVM
INFO : JVM Vendor:		Oracle Corporation
