09 06, 2021 15:23:26 下午 top.greatxiaozou.diyTomcat.Context <init>
INFO : Deploying web application directory D:\intellij\work_space\diyTomcat\webapps\a
09 06, 2021 15:23:26 下午 top.greatxiaozou.diyTomcat.Context <init>
INFO : Deployment of web application D:\intellij\work_space\diyTomcat\webapps\a has finished in 79 ms
09 06, 2021 15:23:26 下午 top.greatxiaozou.diyTomcat.Context <init>
INFO : Deploying web application directory D:\intellij\work_space\diyTomcat\webapps\ROOT
09 06, 2021 15:23:26 下午 top.greatxiaozou.diyTomcat.Context <init>
INFO : Deployment of web application D:\intellij\work_space\diyTomcat\webapps\ROOT has finished in 0 ms
09 06, 2021 15:23:26 下午 top.greatxiaozou.diyTomcat.Context <init>
INFO : Deploying web application directory D:/intellij/work_space/diyTomcat/b
09 06, 2021 15:23:26 下午 top.greatxiaozou.diyTomcat.Context <init>
INFO : Deployment of web application D:/intellij/work_space/diyTomcat/b has finished in 0 ms
09 06, 2021 15:23:26 下午 top.greatxiaozou.diyTomcat.Server logJVM
INFO : Server version:		Greatxiaozou DiyTomcat/1.0.1
09 06, 2021 15:23:26 下午 top.greatxiaozou.diyTomcat.Server logJVM
INFO : Server built:		2020-04-08 10:20:22
09 06, 2021 15:23:26 下午 top.greatxiaozou.diyTomcat.Server logJVM
INFO : Server number:		1.0.1
09 06, 2021 15:23:26 下午 top.greatxiaozou.diyTomcat.Server logJVM
INFO : OS Name	:		Windows 10
09 06, 2021 15:23:26 下午 top.greatxiaozou.diyTomcat.Server logJVM
INFO : OS Version:		10.0
09 06, 2021 15:23:26 下午 top.greatxiaozou.diyTomcat.Server logJVM
INFO : Architecture:		x86
09 06, 2021 15:23:26 下午 top.greatxiaozou.diyTomcat.Server logJVM
INFO : Java Home:		C:\Program Files (x86)\Java\jdk1.8.0_271\jre
09 06, 2021 15:23:26 下午 top.greatxiaozou.diyTomcat.Server logJVM
INFO : JVM Version:		1.8.0_271-b09
09 06, 2021 15:23:26 下午 top.greatxiaozou.diyTomcat.Server logJVM
INFO : JVM Vendor:		Oracle Corporation
09 06, 2021 15:23:26 下午 top.greatxiaozou.diyTomcat.Server logJVM
INFO : Server version:		Greatxiaozou DiyTomcat/1.0.1
09 06, 2021 15:23:26 下午 top.greatxiaozou.diyTomcat.Server logJVM
INFO : Server built:		2020-04-08 10:20:22
09 06, 2021 15:23:26 下午 top.greatxiaozou.diyTomcat.Server logJVM
INFO : Server number:		1.0.1
09 06, 2021 15:23:26 下午 top.greatxiaozou.diyTomcat.Server logJVM
INFO : OS Name	:		Windows 10
09 06, 2021 15:23:26 下午 top.greatxiaozou.diyTomcat.Server logJVM
INFO : OS Version:		10.0
09 06, 2021 15:23:26 下午 top.greatxiaozou.diyTomcat.Server logJVM
INFO : Architecture:		x86
09 06, 2021 15:23:26 下午 top.greatxiaozou.diyTomcat.Server logJVM
INFO : Java Home:		C:\Program Files (x86)\Java\jdk1.8.0_271\jre
09 06, 2021 15:23:26 下午 top.greatxiaozou.diyTomcat.Server logJVM
INFO : JVM Version:		1.8.0_271-b09
09 06, 2021 15:23:26 下午 top.greatxiaozou.diyTomcat.Server logJVM
INFO : JVM Vendor:		Oracle Corporation
09 06, 2021 15:29:24 下午 top.greatxiaozou.diyTomcat.Context <init>
INFO : Deploying web application directory D:\intellij\work_space\diyTomcat\webapps\a
09 06, 2021 15:29:24 下午 top.greatxiaozou.diyTomcat.Context <init>
INFO : Deployment of web application D:\intellij\work_space\diyTomcat\webapps\a has finished in 61 ms
09 06, 2021 15:29:24 下午 top.greatxiaozou.diyTomcat.Context <init>
INFO : Deploying web application directory D:\intellij\work_space\diyTomcat\webapps\ROOT
09 06, 2021 15:29:24 下午 top.greatxiaozou.diyTomcat.Context <init>
INFO : Deployment of web application D:\intellij\work_space\diyTomcat\webapps\ROOT has finished in 1 ms
09 06, 2021 15:29:24 下午 top.greatxiaozou.diyTomcat.Context <init>
INFO : Deploying web application directory D:/intellij/work_space/diyTomcat/b
09 06, 2021 15:29:24 下午 top.greatxiaozou.diyTomcat.Context <init>
INFO : Deployment of web application D:/intellij/work_space/diyTomcat/b has finished in 0 ms
09 06, 2021 15:29:24 下午 top.greatxiaozou.diyTomcat.Server logJVM
INFO : Server version:		Greatxiaozou DiyTomcat/1.0.1
09 06, 2021 15:29:24 下午 top.greatxiaozou.diyTomcat.Server logJVM
INFO : Server built:		2020-04-08 10:20:22
09 06, 2021 15:29:24 下午 top.greatxiaozou.diyTomcat.Server logJVM
INFO : Server number:		1.0.1
09 06, 2021 15:29:24 下午 top.greatxiaozou.diyTomcat.Server logJVM
INFO : OS Name	:		Windows 10
09 06, 2021 15:29:24 下午 top.greatxiaozou.diyTomcat.Server logJVM
INFO : OS Version:		10.0
09 06, 2021 15:29:24 下午 top.greatxiaozou.diyTomcat.Server logJVM
INFO : Architecture:		x86
09 06, 2021 15:29:24 下午 top.greatxiaozou.diyTomcat.Server logJVM
INFO : Java Home:		C:\Program Files (x86)\Java\jdk1.8.0_271\jre
09 06, 2021 15:29:24 下午 top.greatxiaozou.diyTomcat.Server logJVM
INFO : JVM Version:		1.8.0_271-b09
09 06, 2021 15:29:24 下午 top.greatxiaozou.diyTomcat.Server logJVM
INFO : JVM Vendor:		Oracle Corporation
09 06, 2021 15:29:24 下午 top.greatxiaozou.diyTomcat.Server logJVM
INFO : Server version:		Greatxiaozou DiyTomcat/1.0.1
09 06, 2021 15:29:24 下午 top.greatxiaozou.diyTomcat.Server logJVM
INFO : Server built:		2020-04-08 10:20:22
09 06, 2021 15:29:24 下午 top.greatxiaozou.diyTomcat.Server logJVM
INFO : Server number:		1.0.1
09 06, 2021 15:29:24 下午 top.greatxiaozou.diyTomcat.Server logJVM
INFO : OS Name	:		Windows 10
09 06, 2021 15:29:24 下午 top.greatxiaozou.diyTomcat.Server logJVM
INFO : OS Version:		10.0
09 06, 2021 15:29:24 下午 top.greatxiaozou.diyTomcat.Server logJVM
INFO : Architecture:		x86
09 06, 2021 15:29:24 下午 top.greatxiaozou.diyTomcat.Server logJVM
INFO : Java Home:		C:\Program Files (x86)\Java\jdk1.8.0_271\jre
09 06, 2021 15:29:24 下午 top.greatxiaozou.diyTomcat.Server logJVM
INFO : JVM Version:		1.8.0_271-b09
09 06, 2021 15:29:24 下午 top.greatxiaozou.diyTomcat.Server logJVM
INFO : JVM Vendor:		Oracle Corporation
09 06, 2021 15:35:09 下午 top.greatxiaozou.diyTomcat.Context <init>
INFO : Deploying web application directory D:\intellij\work_space\diyTomcat\webapps\a
09 06, 2021 15:35:09 下午 top.greatxiaozou.diyTomcat.Context <init>
INFO : Deployment of web application D:\intellij\work_space\diyTomcat\webapps\a has finished in 70 ms
09 06, 2021 15:35:09 下午 top.greatxiaozou.diyTomcat.Context <init>
INFO : Deploying web application directory D:\intellij\work_space\diyTomcat\webapps\ROOT
09 06, 2021 15:35:09 下午 top.greatxiaozou.diyTomcat.Context <init>
INFO : Deployment of web application D:\intellij\work_space\diyTomcat\webapps\ROOT has finished in 0 ms
09 06, 2021 15:35:09 下午 top.greatxiaozou.diyTomcat.Context <init>
INFO : Deploying web application directory D:/intellij/work_space/diyTomcat/b
09 06, 2021 15:35:09 下午 top.greatxiaozou.diyTomcat.Context <init>
INFO : Deployment of web application D:/intellij/work_space/diyTomcat/b has finished in 1 ms
09 06, 2021 15:35:09 下午 top.greatxiaozou.diyTomcat.Server logJVM
INFO : Server version:		Greatxiaozou DiyTomcat/1.0.1
09 06, 2021 15:35:09 下午 top.greatxiaozou.diyTomcat.Server logJVM
INFO : Server built:		2020-04-08 10:20:22
09 06, 2021 15:35:09 下午 top.greatxiaozou.diyTomcat.Server logJVM
INFO : Server number:		1.0.1
09 06, 2021 15:35:09 下午 top.greatxiaozou.diyTomcat.Server logJVM
INFO : OS Name	:		Windows 10
09 06, 2021 15:35:09 下午 top.greatxiaozou.diyTomcat.Server logJVM
INFO : OS Version:		10.0
09 06, 2021 15:35:09 下午 top.greatxiaozou.diyTomcat.Server logJVM
INFO : Architecture:		x86
09 06, 2021 15:35:09 下午 top.greatxiaozou.diyTomcat.Server logJVM
INFO : Java Home:		C:\Program Files (x86)\Java\jdk1.8.0_271\jre
09 06, 2021 15:35:09 下午 top.greatxiaozou.diyTomcat.Server logJVM
INFO : JVM Version:		1.8.0_271-b09
09 06, 2021 15:35:09 下午 top.greatxiaozou.diyTomcat.Server logJVM
INFO : JVM Vendor:		Oracle Corporation
09 06, 2021 15:35:09 下午 top.greatxiaozou.diyTomcat.Server logJVM
INFO : Server version:		Greatxiaozou DiyTomcat/1.0.1
09 06, 2021 15:35:09 下午 top.greatxiaozou.diyTomcat.Server logJVM
INFO : Server built:		2020-04-08 10:20:22
09 06, 2021 15:35:09 下午 top.greatxiaozou.diyTomcat.Server logJVM
INFO : Server number:		1.0.1
09 06, 2021 15:35:09 下午 top.greatxiaozou.diyTomcat.Server logJVM
INFO : OS Name	:		Windows 10
09 06, 2021 15:35:09 下午 top.greatxiaozou.diyTomcat.Server logJVM
INFO : OS Version:		10.0
09 06, 2021 15:35:09 下午 top.greatxiaozou.diyTomcat.Server logJVM
INFO : Architecture:		x86
09 06, 2021 15:35:09 下午 top.greatxiaozou.diyTomcat.Server logJVM
INFO : Java Home:		C:\Program Files (x86)\Java\jdk1.8.0_271\jre
09 06, 2021 15:35:09 下午 top.greatxiaozou.diyTomcat.Server logJVM
INFO : JVM Version:		1.8.0_271-b09
09 06, 2021 15:35:09 下午 top.greatxiaozou.diyTomcat.Server logJVM
INFO : JVM Vendor:		Oracle Corporation
09 06, 2021 15:42:40 下午 top.greatxiaozou.diyTomcat.Context <init>
INFO : Deploying web application directory D:\intellij\work_space\diyTomcat\webapps\a
09 06, 2021 15:42:40 下午 top.greatxiaozou.diyTomcat.Context <init>
INFO : Deployment of web application D:\intellij\work_space\diyTomcat\webapps\a has finished in 72 ms
09 06, 2021 15:42:40 下午 top.greatxiaozou.diyTomcat.Context <init>
INFO : Deploying web application directory D:\intellij\work_space\diyTomcat\webapps\ROOT
09 06, 2021 15:42:40 下午 top.greatxiaozou.diyTomcat.Context <init>
INFO : Deployment of web application D:\intellij\work_space\diyTomcat\webapps\ROOT has finished in 0 ms
09 06, 2021 15:42:40 下午 top.greatxiaozou.diyTomcat.Context <init>
INFO : Deploying web application directory D:/intellij/work_space/diyTomcat/b
09 06, 2021 15:42:40 下午 top.greatxiaozou.diyTomcat.Context <init>
INFO : Deployment of web application D:/intellij/work_space/diyTomcat/b has finished in 0 ms
09 06, 2021 15:42:40 下午 top.greatxiaozou.diyTomcat.Server logJVM
INFO : Server version:		Greatxiaozou DiyTomcat/1.0.1
09 06, 2021 15:42:40 下午 top.greatxiaozou.diyTomcat.Server logJVM
INFO : Server built:		2020-04-08 10:20:22
09 06, 2021 15:42:40 下午 top.greatxiaozou.diyTomcat.Server logJVM
INFO : Server number:		1.0.1
09 06, 2021 15:42:40 下午 top.greatxiaozou.diyTomcat.Server logJVM
INFO : OS Name	:		Windows 10
09 06, 2021 15:42:40 下午 top.greatxiaozou.diyTomcat.Server logJVM
INFO : OS Version:		10.0
09 06, 2021 15:42:40 下午 top.greatxiaozou.diyTomcat.Server logJVM
INFO : Architecture:		x86
09 06, 2021 15:42:40 下午 top.greatxiaozou.diyTomcat.Server logJVM
INFO : Java Home:		C:\Program Files (x86)\Java\jdk1.8.0_271\jre
09 06, 2021 15:42:40 下午 top.greatxiaozou.diyTomcat.Server logJVM
INFO : JVM Version:		1.8.0_271-b09
09 06, 2021 15:42:40 下午 top.greatxiaozou.diyTomcat.Server logJVM
INFO : JVM Vendor:		Oracle Corporation
09 06, 2021 15:42:40 下午 top.greatxiaozou.diyTomcat.Server logJVM
INFO : Server version:		Greatxiaozou DiyTomcat/1.0.1
09 06, 2021 15:42:40 下午 top.greatxiaozou.diyTomcat.Server logJVM
INFO : Server built:		2020-04-08 10:20:22
09 06, 2021 15:42:40 下午 top.greatxiaozou.diyTomcat.Server logJVM
INFO : Server number:		1.0.1
09 06, 2021 15:42:40 下午 top.greatxiaozou.diyTomcat.Server logJVM
INFO : OS Name	:		Windows 10
09 06, 2021 15:42:40 下午 top.greatxiaozou.diyTomcat.Server logJVM
INFO : OS Version:		10.0
09 06, 2021 15:42:40 下午 top.greatxiaozou.diyTomcat.Server logJVM
INFO : Architecture:		x86
09 06, 2021 15:42:40 下午 top.greatxiaozou.diyTomcat.Server logJVM
INFO : Java Home:		C:\Program Files (x86)\Java\jdk1.8.0_271\jre
09 06, 2021 15:42:40 下午 top.greatxiaozou.diyTomcat.Server logJVM
INFO : JVM Version:		1.8.0_271-b09
09 06, 2021 15:42:40 下午 top.greatxiaozou.diyTomcat.Server logJVM
INFO : JVM Vendor:		Oracle Corporation
09 06, 2021 15:43:33 下午 top.greatxiaozou.diyTomcat.Context <init>
INFO : Deploying web application directory D:\intellij\work_space\diyTomcat\webapps\a
09 06, 2021 15:43:33 下午 top.greatxiaozou.diyTomcat.Context <init>
INFO : Deployment of web application D:\intellij\work_space\diyTomcat\webapps\a has finished in 61 ms
09 06, 2021 15:43:33 下午 top.greatxiaozou.diyTomcat.Context <init>
INFO : Deploying web application directory D:\intellij\work_space\diyTomcat\webapps\ROOT
09 06, 2021 15:43:33 下午 top.greatxiaozou.diyTomcat.Context <init>
INFO : Deployment of web application D:\intellij\work_space\diyTomcat\webapps\ROOT has finished in 0 ms
09 06, 2021 15:43:33 下午 top.greatxiaozou.diyTomcat.Context <init>
INFO : Deploying web application directory D:/intellij/work_space/diyTomcat/b
09 06, 2021 15:43:33 下午 top.greatxiaozou.diyTomcat.Context <init>
INFO : Deployment of web application D:/intellij/work_space/diyTomcat/b has finished in 0 ms
09 06, 2021 15:43:33 下午 top.greatxiaozou.diyTomcat.Server logJVM
INFO : Server version:		Greatxiaozou DiyTomcat/1.0.1
09 06, 2021 15:43:33 下午 top.greatxiaozou.diyTomcat.Server logJVM
INFO : Server built:		2020-04-08 10:20:22
09 06, 2021 15:43:33 下午 top.greatxiaozou.diyTomcat.Server logJVM
INFO : Server number:		1.0.1
09 06, 2021 15:43:33 下午 top.greatxiaozou.diyTomcat.Server logJVM
INFO : OS Name	:		Windows 10
09 06, 2021 15:43:33 下午 top.greatxiaozou.diyTomcat.Server logJVM
INFO : OS Version:		10.0
09 06, 2021 15:43:33 下午 top.greatxiaozou.diyTomcat.Server logJVM
INFO : Architecture:		x86
09 06, 2021 15:43:33 下午 top.greatxiaozou.diyTomcat.Server logJVM
INFO : Java Home:		C:\Program Files (x86)\Java\jdk1.8.0_271\jre
09 06, 2021 15:43:33 下午 top.greatxiaozou.diyTomcat.Server logJVM
INFO : JVM Version:		1.8.0_271-b09
09 06, 2021 15:43:33 下午 top.greatxiaozou.diyTomcat.Server logJVM
INFO : JVM Vendor:		Oracle Corporation
09 06, 2021 15:43:33 下午 top.greatxiaozou.diyTomcat.Server logJVM
INFO : Server version:		Greatxiaozou DiyTomcat/1.0.1
09 06, 2021 15:43:33 下午 top.greatxiaozou.diyTomcat.Server logJVM
INFO : Server built:		2020-04-08 10:20:22
09 06, 2021 15:43:33 下午 top.greatxiaozou.diyTomcat.Server logJVM
INFO : Server number:		1.0.1
09 06, 2021 15:43:33 下午 top.greatxiaozou.diyTomcat.Server logJVM
INFO : OS Name	:		Windows 10
09 06, 2021 15:43:33 下午 top.greatxiaozou.diyTomcat.Server logJVM
INFO : OS Version:		10.0
09 06, 2021 15:43:33 下午 top.greatxiaozou.diyTomcat.Server logJVM
INFO : Architecture:		x86
09 06, 2021 15:43:33 下午 top.greatxiaozou.diyTomcat.Server logJVM
INFO : Java Home:		C:\Program Files (x86)\Java\jdk1.8.0_271\jre
09 06, 2021 15:43:33 下午 top.greatxiaozou.diyTomcat.Server logJVM
INFO : JVM Version:		1.8.0_271-b09
09 06, 2021 15:43:33 下午 top.greatxiaozou.diyTomcat.Server logJVM
INFO : JVM Vendor:		Oracle Corporation
09 06, 2021 15:43:53 下午 top.greatxiaozou.diyTomcat.Context <init>
INFO : Deploying web application directory D:\intellij\work_space\diyTomcat\webapps\a
09 06, 2021 15:43:53 下午 top.greatxiaozou.diyTomcat.Context <init>
INFO : Deployment of web application D:\intellij\work_space\diyTomcat\webapps\a has finished in 70 ms
09 06, 2021 15:43:53 下午 top.greatxiaozou.diyTomcat.Context <init>
INFO : Deploying web application directory D:\intellij\work_space\diyTomcat\webapps\ROOT
09 06, 2021 15:43:53 下午 top.greatxiaozou.diyTomcat.Context <init>
INFO : Deployment of web application D:\intellij\work_space\diyTomcat\webapps\ROOT has finished in 0 ms
09 06, 2021 15:43:53 下午 top.greatxiaozou.diyTomcat.Context <init>
INFO : Deploying web application directory D:/intellij/work_space/diyTomcat/b
09 06, 2021 15:43:53 下午 top.greatxiaozou.diyTomcat.Context <init>
INFO : Deployment of web application D:/intellij/work_space/diyTomcat/b has finished in 0 ms
09 06, 2021 15:43:53 下午 top.greatxiaozou.diyTomcat.Server logJVM
INFO : Server version:		Greatxiaozou DiyTomcat/1.0.1
09 06, 2021 15:43:53 下午 top.greatxiaozou.diyTomcat.Server logJVM
INFO : Server built:		2020-04-08 10:20:22
09 06, 2021 15:43:53 下午 top.greatxiaozou.diyTomcat.Server logJVM
INFO : Server number:		1.0.1
09 06, 2021 15:43:53 下午 top.greatxiaozou.diyTomcat.Server logJVM
INFO : OS Name	:		Windows 10
09 06, 2021 15:43:53 下午 top.greatxiaozou.diyTomcat.Server logJVM
INFO : OS Version:		10.0
09 06, 2021 15:43:53 下午 top.greatxiaozou.diyTomcat.Server logJVM
INFO : Architecture:		x86
09 06, 2021 15:43:53 下午 top.greatxiaozou.diyTomcat.Server logJVM
INFO : Java Home:		C:\Program Files (x86)\Java\jdk1.8.0_271\jre
09 06, 2021 15:43:53 下午 top.greatxiaozou.diyTomcat.Server logJVM
INFO : JVM Version:		1.8.0_271-b09
09 06, 2021 15:43:53 下午 top.greatxiaozou.diyTomcat.Server logJVM
INFO : JVM Vendor:		Oracle Corporation
09 06, 2021 15:43:53 下午 top.greatxiaozou.diyTomcat.Server logJVM
INFO : Server version:		Greatxiaozou DiyTomcat/1.0.1
09 06, 2021 15:43:53 下午 top.greatxiaozou.diyTomcat.Server logJVM
INFO : Server built:		2020-04-08 10:20:22
09 06, 2021 15:43:53 下午 top.greatxiaozou.diyTomcat.Server logJVM
INFO : Server number:		1.0.1
09 06, 2021 15:43:53 下午 top.greatxiaozou.diyTomcat.Server logJVM
INFO : OS Name	:		Windows 10
09 06, 2021 15:43:53 下午 top.greatxiaozou.diyTomcat.Server logJVM
INFO : OS Version:		10.0
09 06, 2021 15:43:53 下午 top.greatxiaozou.diyTomcat.Server logJVM
INFO : Architecture:		x86
09 06, 2021 15:43:53 下午 top.greatxiaozou.diyTomcat.Server logJVM
INFO : Java Home:		C:\Program Files (x86)\Java\jdk1.8.0_271\jre
09 06, 2021 15:43:53 下午 top.greatxiaozou.diyTomcat.Server logJVM
INFO : JVM Version:		1.8.0_271-b09
09 06, 2021 15:43:53 下午 top.greatxiaozou.diyTomcat.Server logJVM
INFO : JVM Vendor:		Oracle Corporation
09 06, 2021 15:44:56 下午 top.greatxiaozou.diyTomcat.Context <init>
INFO : Deploying web application directory D:\intellij\work_space\diyTomcat\webapps\a
09 06, 2021 15:44:56 下午 top.greatxiaozou.diyTomcat.Context <init>
INFO : Deployment of web application D:\intellij\work_space\diyTomcat\webapps\a has finished in 80 ms
09 06, 2021 15:44:56 下午 top.greatxiaozou.diyTomcat.Context <init>
INFO : Deploying web application directory D:\intellij\work_space\diyTomcat\webapps\ROOT
09 06, 2021 15:44:56 下午 top.greatxiaozou.diyTomcat.Context <init>
INFO : Deployment of web application D:\intellij\work_space\diyTomcat\webapps\ROOT has finished in 0 ms
09 06, 2021 15:44:56 下午 top.greatxiaozou.diyTomcat.Context <init>
INFO : Deploying web application directory D:/intellij/work_space/diyTomcat/b
09 06, 2021 15:44:56 下午 top.greatxiaozou.diyTomcat.Context <init>
INFO : Deployment of web application D:/intellij/work_space/diyTomcat/b has finished in 0 ms
09 06, 2021 15:44:56 下午 top.greatxiaozou.diyTomcat.Server logJVM
INFO : Server version:		Greatxiaozou DiyTomcat/1.0.1
09 06, 2021 15:44:56 下午 top.greatxiaozou.diyTomcat.Server logJVM
INFO : Server built:		2020-04-08 10:20:22
09 06, 2021 15:44:56 下午 top.greatxiaozou.diyTomcat.Server logJVM
INFO : Server number:		1.0.1
09 06, 2021 15:44:56 下午 top.greatxiaozou.diyTomcat.Server logJVM
INFO : OS Name	:		Windows 10
09 06, 2021 15:44:56 下午 top.greatxiaozou.diyTomcat.Server logJVM
INFO : OS Version:		10.0
09 06, 2021 15:44:56 下午 top.greatxiaozou.diyTomcat.Server logJVM
INFO : Architecture:		x86
09 06, 2021 15:44:56 下午 top.greatxiaozou.diyTomcat.Server logJVM
INFO : Java Home:		C:\Program Files (x86)\Java\jdk1.8.0_271\jre
09 06, 2021 15:44:56 下午 top.greatxiaozou.diyTomcat.Server logJVM
INFO : JVM Version:		1.8.0_271-b09
09 06, 2021 15:44:56 下午 top.greatxiaozou.diyTomcat.Server logJVM
INFO : JVM Vendor:		Oracle Corporation
09 06, 2021 15:44:56 下午 top.greatxiaozou.diyTomcat.Server logJVM
INFO : Server version:		Greatxiaozou DiyTomcat/1.0.1
09 06, 2021 15:44:56 下午 top.greatxiaozou.diyTomcat.Server logJVM
INFO : Server built:		2020-04-08 10:20:22
09 06, 2021 15:44:56 下午 top.greatxiaozou.diyTomcat.Server logJVM
INFO : Server number:		1.0.1
09 06, 2021 15:44:56 下午 top.greatxiaozou.diyTomcat.Server logJVM
INFO : OS Name	:		Windows 10
09 06, 2021 15:44:56 下午 top.greatxiaozou.diyTomcat.Server logJVM
INFO : OS Version:		10.0
09 06, 2021 15:44:56 下午 top.greatxiaozou.diyTomcat.Server logJVM
INFO : Architecture:		x86
09 06, 2021 15:44:56 下午 top.greatxiaozou.diyTomcat.Server logJVM
INFO : Java Home:		C:\Program Files (x86)\Java\jdk1.8.0_271\jre
09 06, 2021 15:44:56 下午 top.greatxiaozou.diyTomcat.Server logJVM
INFO : JVM Version:		1.8.0_271-b09
09 06, 2021 15:44:56 下午 top.greatxiaozou.diyTomcat.Server logJVM
INFO : JVM Vendor:		Oracle Corporation
09 06, 2021 15:49:57 下午 top.greatxiaozou.diyTomcat.Context <init>
INFO : Deploying web application directory D:\intellij\work_space\diyTomcat\webapps\a
09 06, 2021 15:49:57 下午 top.greatxiaozou.diyTomcat.Context <init>
INFO : Deployment of web application D:\intellij\work_space\diyTomcat\webapps\a has finished in 59 ms
09 06, 2021 15:49:57 下午 top.greatxiaozou.diyTomcat.Context <init>
INFO : Deploying web application directory D:\intellij\work_space\diyTomcat\webapps\ROOT
09 06, 2021 15:49:57 下午 top.greatxiaozou.diyTomcat.Context <init>
INFO : Deployment of web application D:\intellij\work_space\diyTomcat\webapps\ROOT has finished in 0 ms
09 06, 2021 15:49:57 下午 top.greatxiaozou.diyTomcat.Context <init>
INFO : Deploying web application directory D:/intellij/work_space/diyTomcat/b
09 06, 2021 15:49:57 下午 top.greatxiaozou.diyTomcat.Context <init>
INFO : Deployment of web application D:/intellij/work_space/diyTomcat/b has finished in 0 ms
09 06, 2021 15:49:57 下午 top.greatxiaozou.diyTomcat.Server logJVM
INFO : Server version:		Greatxiaozou DiyTomcat/1.0.1
09 06, 2021 15:49:57 下午 top.greatxiaozou.diyTomcat.Server logJVM
INFO : Server built:		2020-04-08 10:20:22
09 06, 2021 15:49:57 下午 top.greatxiaozou.diyTomcat.Server logJVM
INFO : Server number:		1.0.1
09 06, 2021 15:49:57 下午 top.greatxiaozou.diyTomcat.Server logJVM
INFO : OS Name	:		Windows 10
09 06, 2021 15:49:57 下午 top.greatxiaozou.diyTomcat.Server logJVM
INFO : OS Version:		10.0
09 06, 2021 15:49:57 下午 top.greatxiaozou.diyTomcat.Server logJVM
INFO : Architecture:		x86
09 06, 2021 15:49:57 下午 top.greatxiaozou.diyTomcat.Server logJVM
INFO : Java Home:		C:\Program Files (x86)\Java\jdk1.8.0_271\jre
09 06, 2021 15:49:57 下午 top.greatxiaozou.diyTomcat.Server logJVM
INFO : JVM Version:		1.8.0_271-b09
09 06, 2021 15:49:57 下午 top.greatxiaozou.diyTomcat.Server logJVM
INFO : JVM Vendor:		Oracle Corporation
09 06, 2021 15:49:57 下午 top.greatxiaozou.diyTomcat.Server logJVM
INFO : Server version:		Greatxiaozou DiyTomcat/1.0.1
09 06, 2021 15:49:57 下午 top.greatxiaozou.diyTomcat.Server logJVM
INFO : Server built:		2020-04-08 10:20:22
09 06, 2021 15:49:57 下午 top.greatxiaozou.diyTomcat.Server logJVM
INFO : Server number:		1.0.1
09 06, 2021 15:49:57 下午 top.greatxiaozou.diyTomcat.Server logJVM
INFO : OS Name	:		Windows 10
09 06, 2021 15:49:57 下午 top.greatxiaozou.diyTomcat.Server logJVM
INFO : OS Version:		10.0
09 06, 2021 15:49:57 下午 top.greatxiaozou.diyTomcat.Server logJVM
INFO : Architecture:		x86
09 06, 2021 15:49:57 下午 top.greatxiaozou.diyTomcat.Server logJVM
INFO : Java Home:		C:\Program Files (x86)\Java\jdk1.8.0_271\jre
09 06, 2021 15:49:57 下午 top.greatxiaozou.diyTomcat.Server logJVM
INFO : JVM Version:		1.8.0_271-b09
09 06, 2021 15:49:57 下午 top.greatxiaozou.diyTomcat.Server logJVM
INFO : JVM Vendor:		Oracle Corporation
09 06, 2021 16:27:26 下午 top.greatxiaozou.diyTomcat.Context <init>
INFO : Deploying web application directory D:\intellij\work_space\diyTomcat\webapps\a
09 06, 2021 16:27:26 下午 top.greatxiaozou.diyTomcat.Context <init>
INFO : Deployment of web application D:\intellij\work_space\diyTomcat\webapps\a has finished in 80 ms
09 06, 2021 16:27:26 下午 top.greatxiaozou.diyTomcat.Context <init>
INFO : Deploying web application directory D:\intellij\work_space\diyTomcat\webapps\ROOT
09 06, 2021 16:27:26 下午 top.greatxiaozou.diyTomcat.Context <init>
INFO : Deployment of web application D:\intellij\work_space\diyTomcat\webapps\ROOT has finished in 0 ms
09 06, 2021 16:27:26 下午 top.greatxiaozou.diyTomcat.Context <init>
INFO : Deploying web application directory D:/intellij/work_space/diyTomcat/b
09 06, 2021 16:27:26 下午 top.greatxiaozou.diyTomcat.Context <init>
INFO : Deployment of web application D:/intellij/work_space/diyTomcat/b has finished in 0 ms
09 06, 2021 16:27:26 下午 top.greatxiaozou.diyTomcat.Server logJVM
INFO : Server version:		Greatxiaozou DiyTomcat/1.0.1
09 06, 2021 16:27:26 下午 top.greatxiaozou.diyTomcat.Server logJVM
INFO : Server built:		2020-04-08 10:20:22
09 06, 2021 16:27:26 下午 top.greatxiaozou.diyTomcat.Server logJVM
INFO : Server number:		1.0.1
09 06, 2021 16:27:26 下午 top.greatxiaozou.diyTomcat.Server logJVM
INFO : OS Name	:		Windows 10
09 06, 2021 16:27:26 下午 top.greatxiaozou.diyTomcat.Server logJVM
INFO : OS Version:		10.0
09 06, 2021 16:27:26 下午 top.greatxiaozou.diyTomcat.Server logJVM
INFO : Architecture:		x86
09 06, 2021 16:27:26 下午 top.greatxiaozou.diyTomcat.Server logJVM
INFO : Java Home:		C:\Program Files (x86)\Java\jdk1.8.0_271\jre
09 06, 2021 16:27:26 下午 top.greatxiaozou.diyTomcat.Server logJVM
INFO : JVM Version:		1.8.0_271-b09
09 06, 2021 16:27:26 下午 top.greatxiaozou.diyTomcat.Server logJVM
INFO : JVM Vendor:		Oracle Corporation
09 06, 2021 16:27:26 下午 top.greatxiaozou.diyTomcat.Server logJVM
INFO : Server version:		Greatxiaozou DiyTomcat/1.0.1
09 06, 2021 16:27:26 下午 top.greatxiaozou.diyTomcat.Server logJVM
INFO : Server built:		2020-04-08 10:20:22
09 06, 2021 16:27:26 下午 top.greatxiaozou.diyTomcat.Server logJVM
INFO : Server number:		1.0.1
09 06, 2021 16:27:26 下午 top.greatxiaozou.diyTomcat.Server logJVM
INFO : OS Name	:		Windows 10
09 06, 2021 16:27:26 下午 top.greatxiaozou.diyTomcat.Server logJVM
INFO : OS Version:		10.0
09 06, 2021 16:27:26 下午 top.greatxiaozou.diyTomcat.Server logJVM
INFO : Architecture:		x86
09 06, 2021 16:27:26 下午 top.greatxiaozou.diyTomcat.Server logJVM
INFO : Java Home:		C:\Program Files (x86)\Java\jdk1.8.0_271\jre
09 06, 2021 16:27:26 下午 top.greatxiaozou.diyTomcat.Server logJVM
INFO : JVM Version:		1.8.0_271-b09
09 06, 2021 16:27:26 下午 top.greatxiaozou.diyTomcat.Server logJVM
INFO : JVM Vendor:		Oracle Corporation
09 06, 2021 16:30:14 下午 top.greatxiaozou.diyTomcat.Context <init>
INFO : Deploying web application directory D:\intellij\work_space\diyTomcat\webapps\a
09 06, 2021 16:30:14 下午 top.greatxiaozou.diyTomcat.Context <init>
INFO : Deployment of web application D:\intellij\work_space\diyTomcat\webapps\a has finished in 72 ms
09 06, 2021 16:30:14 下午 top.greatxiaozou.diyTomcat.Context <init>
INFO : Deploying web application directory D:\intellij\work_space\diyTomcat\webapps\ROOT
09 06, 2021 16:30:14 下午 top.greatxiaozou.diyTomcat.Context <init>
INFO : Deployment of web application D:\intellij\work_space\diyTomcat\webapps\ROOT has finished in 0 ms
09 06, 2021 16:30:14 下午 top.greatxiaozou.diyTomcat.Context <init>
INFO : Deploying web application directory D:/intellij/work_space/diyTomcat/b
09 06, 2021 16:30:14 下午 top.greatxiaozou.diyTomcat.Context <init>
INFO : Deployment of web application D:/intellij/work_space/diyTomcat/b has finished in 0 ms
09 06, 2021 16:30:14 下午 top.greatxiaozou.diyTomcat.Server logJVM
INFO : Server version:		Greatxiaozou DiyTomcat/1.0.1
09 06, 2021 16:30:14 下午 top.greatxiaozou.diyTomcat.Server logJVM
INFO : Server built:		2020-04-08 10:20:22
09 06, 2021 16:30:14 下午 top.greatxiaozou.diyTomcat.Server logJVM
INFO : Server number:		1.0.1
09 06, 2021 16:30:14 下午 top.greatxiaozou.diyTomcat.Server logJVM
INFO : OS Name	:		Windows 10
09 06, 2021 16:30:14 下午 top.greatxiaozou.diyTomcat.Server logJVM
INFO : OS Version:		10.0
09 06, 2021 16:30:14 下午 top.greatxiaozou.diyTomcat.Server logJVM
INFO : Architecture:		x86
09 06, 2021 16:30:14 下午 top.greatxiaozou.diyTomcat.Server logJVM
INFO : Java Home:		C:\Program Files (x86)\Java\jdk1.8.0_271\jre
09 06, 2021 16:30:14 下午 top.greatxiaozou.diyTomcat.Server logJVM
INFO : JVM Version:		1.8.0_271-b09
09 06, 2021 16:30:14 下午 top.greatxiaozou.diyTomcat.Server logJVM
INFO : JVM Vendor:		Oracle Corporation
09 06, 2021 16:30:14 下午 top.greatxiaozou.diyTomcat.Server logJVM
INFO : Server version:		Greatxiaozou DiyTomcat/1.0.1
09 06, 2021 16:30:14 下午 top.greatxiaozou.diyTomcat.Server logJVM
INFO : Server built:		2020-04-08 10:20:22
09 06, 2021 16:30:14 下午 top.greatxiaozou.diyTomcat.Server logJVM
INFO : Server number:		1.0.1
09 06, 2021 16:30:14 下午 top.greatxiaozou.diyTomcat.Server logJVM
INFO : OS Name	:		Windows 10
09 06, 2021 16:30:14 下午 top.greatxiaozou.diyTomcat.Server logJVM
INFO : OS Version:		10.0
09 06, 2021 16:30:14 下午 top.greatxiaozou.diyTomcat.Server logJVM
INFO : Architecture:		x86
09 06, 2021 16:30:14 下午 top.greatxiaozou.diyTomcat.Server logJVM
INFO : Java Home:		C:\Program Files (x86)\Java\jdk1.8.0_271\jre
09 06, 2021 16:30:14 下午 top.greatxiaozou.diyTomcat.Server logJVM
INFO : JVM Version:		1.8.0_271-b09
09 06, 2021 16:30:14 下午 top.greatxiaozou.diyTomcat.Server logJVM
INFO : JVM Vendor:		Oracle Corporation
