09 17, 2021 11:27:16 上午 top.greatxiaozou.diyTomcat.Context deploy
INFO : Deploying web.xml application directory D:\intellij\work_space\diyTomcat\webapps\a
09 17, 2021 11:27:16 上午 top.greatxiaozou.diyTomcat.Context deploy
INFO : Deployment of web.xml application D:\intellij\work_space\diyTomcat\webapps\a has finished in 166 ms
09 17, 2021 11:27:16 上午 top.greatxiaozou.diyTomcat.Context deploy
INFO : Deploying web.xml application directory D:\intellij\work_space\diyTomcat\webapps\j2ee
09 17, 2021 11:27:16 上午 top.greatxiaozou.diyTomcat.Context deploy
INFO : Deployment of web.xml application D:\intellij\work_space\diyTomcat\webapps\j2ee has finished in 17 ms
09 17, 2021 11:27:16 上午 top.greatxiaozou.diyTomcat.Context deploy
INFO : Deploying web.xml application directory D:\intellij\work_space\diyTomcat\webapps\ROOT
09 17, 2021 11:27:16 上午 top.greatxiaozou.diyTomcat.Context deploy
INFO : Deployment of web.xml application D:\intellij\work_space\diyTomcat\webapps\ROOT has finished in 1 ms
09 17, 2021 11:27:16 上午 top.greatxiaozou.diyTomcat.Context deploy
INFO : Deploying web.xml application directory D:/intellij/work_space/diyTomcat/b
09 17, 2021 11:27:16 上午 top.greatxiaozou.diyTomcat.Context deploy
INFO : Deployment of web.xml application D:/intellij/work_space/diyTomcat/b has finished in 0 ms
09 17, 2021 11:27:16 上午 top.greatxiaozou.diyTomcat.Context deploy
INFO : Deploying web.xml application directory D:/intellij/work_space/javaweb/web
09 17, 2021 11:27:16 上午 top.greatxiaozou.diyTomcat.Context deploy
INFO : Deployment of web.xml application D:/intellij/work_space/javaweb/web has finished in 11 ms
09 17, 2021 11:27:16 上午 top.greatxiaozou.diyTomcat.Server logJVM
INFO : Server version:		Greatxiaozou DiyTomcat/1.0.1
09 17, 2021 11:27:16 上午 top.greatxiaozou.diyTomcat.Server logJVM
INFO : Server built:		2020-04-08 10:20:22
09 17, 2021 11:27:16 上午 top.greatxiaozou.diyTomcat.Server logJVM
INFO : Server number:		1.0.1
09 17, 2021 11:27:16 上午 top.greatxiaozou.diyTomcat.Server logJVM
INFO : OS Name	:		Windows 10
09 17, 2021 11:27:16 上午 top.greatxiaozou.diyTomcat.Server logJVM
INFO : OS Version:		10.0
09 17, 2021 11:27:16 上午 top.greatxiaozou.diyTomcat.Server logJVM
INFO : Architecture:		x86
09 17, 2021 11:27:16 上午 top.greatxiaozou.diyTomcat.Server logJVM
INFO : Java Home:		C:\Program Files (x86)\Java\jdk1.8.0_271\jre
09 17, 2021 11:27:16 上午 top.greatxiaozou.diyTomcat.Server logJVM
INFO : JVM Version:		1.8.0_271-b09
09 17, 2021 11:27:16 上午 top.greatxiaozou.diyTomcat.Server logJVM
INFO : JVM Vendor:		Oracle Corporation
09 17, 2021 11:27:16 上午 top.greatxiaozou.diyTomcat.Connector init
INFO : initializing ProtocolHandler {http-bio-18080}
09 17, 2021 11:27:16 上午 top.greatxiaozou.diyTomcat.Connector start
INFO : Starting ProtocolHandler {http-bio-18080}
09 17, 2021 11:27:16 上午 top.greatxiaozou.diyTomcat.Connector init
INFO : initializing ProtocolHandler {http-bio-18081}
09 17, 2021 11:27:16 上午 top.greatxiaozou.diyTomcat.Connector start
INFO : Starting ProtocolHandler {http-bio-18081}
09 17, 2021 11:27:16 上午 top.greatxiaozou.diyTomcat.Connector init
INFO : initializing ProtocolHandler {http-bio-18082}
09 17, 2021 11:27:16 上午 top.greatxiaozou.diyTomcat.Connector start
INFO : Starting ProtocolHandler {http-bio-18082}
09 17, 2021 11:27:16 上午 top.greatxiaozou.diyTomcat.Server start
INFO : Server startup in 4 ms
