09 12, 2021 11:18:50 上午 top.greatxiaozou.diyTomcat.Context <init>
INFO : Deploying web application directory D:\intellij\work_space\diyTomcat\webapps\a
09 12, 2021 11:18:50 上午 top.greatxiaozou.diyTomcat.Context <init>
INFO : Deployment of web application D:\intellij\work_space\diyTomcat\webapps\a has finished in 89 ms
09 12, 2021 11:18:50 上午 top.greatxiaozou.diyTomcat.Context <init>
INFO : Deploying web application directory D:\intellij\work_space\diyTomcat\webapps\ROOT
09 12, 2021 11:18:50 上午 top.greatxiaozou.diyTomcat.Context <init>
INFO : Deployment of web application D:\intellij\work_space\diyTomcat\webapps\ROOT has finished in 0 ms
09 12, 2021 11:18:50 上午 top.greatxiaozou.diyTomcat.Context <init>
INFO : Deploying web application directory D:/intellij/work_space/diyTomcat/b
09 12, 2021 11:18:50 上午 top.greatxiaozou.diyTomcat.Context <init>
INFO : Deployment of web application D:/intellij/work_space/diyTomcat/b has finished in 0 ms
09 12, 2021 11:18:50 上午 top.greatxiaozou.diyTomcat.Server logJVM
INFO : Server version:		Greatxiaozou DiyTomcat/1.0.1
09 12, 2021 11:18:50 上午 top.greatxiaozou.diyTomcat.Server logJVM
INFO : Server built:		2020-04-08 10:20:22
09 12, 2021 11:18:50 上午 top.greatxiaozou.diyTomcat.Server logJVM
INFO : Server number:		1.0.1
09 12, 2021 11:18:50 上午 top.greatxiaozou.diyTomcat.Server logJVM
INFO : OS Name	:		Windows 10
09 12, 2021 11:18:50 上午 top.greatxiaozou.diyTomcat.Server logJVM
INFO : OS Version:		10.0
09 12, 2021 11:18:50 上午 top.greatxiaozou.diyTomcat.Server logJVM
INFO : Architecture:		x86
09 12, 2021 11:18:50 上午 top.greatxiaozou.diyTomcat.Server logJVM
INFO : Java Home:		C:\Program Files (x86)\Java\jdk1.8.0_271\jre
09 12, 2021 11:18:50 上午 top.greatxiaozou.diyTomcat.Server logJVM
INFO : JVM Version:		1.8.0_271-b09
09 12, 2021 11:18:50 上午 top.greatxiaozou.diyTomcat.Server logJVM
INFO : JVM Vendor:		Oracle Corporation
09 12, 2021 11:18:50 上午 top.greatxiaozou.diyTomcat.Server logJVM
INFO : Server version:		Greatxiaozou DiyTomcat/1.0.1
09 12, 2021 11:18:50 上午 top.greatxiaozou.diyTomcat.Server logJVM
INFO : Server built:		2020-04-08 10:20:22
09 12, 2021 11:18:50 上午 top.greatxiaozou.diyTomcat.Server logJVM
INFO : Server number:		1.0.1
09 12, 2021 11:18:50 上午 top.greatxiaozou.diyTomcat.Server logJVM
INFO : OS Name	:		Windows 10
09 12, 2021 11:18:50 上午 top.greatxiaozou.diyTomcat.Server logJVM
INFO : OS Version:		10.0
09 12, 2021 11:18:50 上午 top.greatxiaozou.diyTomcat.Server logJVM
INFO : Architecture:		x86
09 12, 2021 11:18:50 上午 top.greatxiaozou.diyTomcat.Server logJVM
INFO : Java Home:		C:\Program Files (x86)\Java\jdk1.8.0_271\jre
09 12, 2021 11:18:50 上午 top.greatxiaozou.diyTomcat.Server logJVM
INFO : JVM Version:		1.8.0_271-b09
09 12, 2021 11:18:50 上午 top.greatxiaozou.diyTomcat.Server logJVM
INFO : JVM Vendor:		Oracle Corporation
09 12, 2021 22:08:01 下午 top.greatxiaozou.diyTomcat.Context <init>
INFO : Deploying web application directory D:\intellij\work_space\diyTomcat\webapps\a
09 12, 2021 22:08:01 下午 top.greatxiaozou.diyTomcat.Context <init>
INFO : Deployment of web application D:\intellij\work_space\diyTomcat\webapps\a has finished in 91 ms
09 12, 2021 22:08:01 下午 top.greatxiaozou.diyTomcat.Context <init>
INFO : Deploying web application directory D:\intellij\work_space\diyTomcat\webapps\ROOT
09 12, 2021 22:08:01 下午 top.greatxiaozou.diyTomcat.Context <init>
INFO : Deployment of web application D:\intellij\work_space\diyTomcat\webapps\ROOT has finished in 0 ms
09 12, 2021 22:08:01 下午 top.greatxiaozou.diyTomcat.Context <init>
INFO : Deploying web application directory D:/intellij/work_space/diyTomcat/b
09 12, 2021 22:08:01 下午 top.greatxiaozou.diyTomcat.Context <init>
INFO : Deployment of web application D:/intellij/work_space/diyTomcat/b has finished in 0 ms
09 12, 2021 22:08:01 下午 top.greatxiaozou.diyTomcat.Server logJVM
INFO : Server version:		Greatxiaozou DiyTomcat/1.0.1
09 12, 2021 22:08:01 下午 top.greatxiaozou.diyTomcat.Server logJVM
INFO : Server built:		2020-04-08 10:20:22
09 12, 2021 22:08:01 下午 top.greatxiaozou.diyTomcat.Server logJVM
INFO : Server number:		1.0.1
09 12, 2021 22:08:01 下午 top.greatxiaozou.diyTomcat.Server logJVM
INFO : OS Name	:		Windows 10
09 12, 2021 22:08:01 下午 top.greatxiaozou.diyTomcat.Server logJVM
INFO : OS Version:		10.0
09 12, 2021 22:08:01 下午 top.greatxiaozou.diyTomcat.Server logJVM
INFO : Architecture:		x86
09 12, 2021 22:08:01 下午 top.greatxiaozou.diyTomcat.Server logJVM
INFO : Java Home:		C:\Program Files (x86)\Java\jdk1.8.0_271\jre
09 12, 2021 22:08:01 下午 top.greatxiaozou.diyTomcat.Server logJVM
INFO : JVM Version:		1.8.0_271-b09
09 12, 2021 22:08:01 下午 top.greatxiaozou.diyTomcat.Server logJVM
INFO : JVM Vendor:		Oracle Corporation
09 12, 2021 22:08:01 下午 top.greatxiaozou.diyTomcat.Server start
INFO : Server startup in 1 ms
09 12, 2021 22:09:48 下午 top.greatxiaozou.diyTomcat.Context <init>
INFO : Deploying web application directory D:\intellij\work_space\diyTomcat\webapps\a
09 12, 2021 22:09:48 下午 top.greatxiaozou.diyTomcat.Context <init>
INFO : Deployment of web application D:\intellij\work_space\diyTomcat\webapps\a has finished in 63 ms
09 12, 2021 22:09:48 下午 top.greatxiaozou.diyTomcat.Context <init>
INFO : Deploying web application directory D:\intellij\work_space\diyTomcat\webapps\ROOT
09 12, 2021 22:09:48 下午 top.greatxiaozou.diyTomcat.Context <init>
INFO : Deployment of web application D:\intellij\work_space\diyTomcat\webapps\ROOT has finished in 0 ms
09 12, 2021 22:09:48 下午 top.greatxiaozou.diyTomcat.Context <init>
INFO : Deploying web application directory D:/intellij/work_space/diyTomcat/b
09 12, 2021 22:09:48 下午 top.greatxiaozou.diyTomcat.Context <init>
INFO : Deployment of web application D:/intellij/work_space/diyTomcat/b has finished in 0 ms
09 12, 2021 22:09:48 下午 top.greatxiaozou.diyTomcat.Server logJVM
INFO : Server version:		Greatxiaozou DiyTomcat/1.0.1
09 12, 2021 22:09:48 下午 top.greatxiaozou.diyTomcat.Server logJVM
INFO : Server built:		2020-04-08 10:20:22
09 12, 2021 22:09:48 下午 top.greatxiaozou.diyTomcat.Server logJVM
INFO : Server number:		1.0.1
09 12, 2021 22:09:48 下午 top.greatxiaozou.diyTomcat.Server logJVM
INFO : OS Name	:		Windows 10
09 12, 2021 22:09:48 下午 top.greatxiaozou.diyTomcat.Server logJVM
INFO : OS Version:		10.0
09 12, 2021 22:09:48 下午 top.greatxiaozou.diyTomcat.Server logJVM
INFO : Architecture:		x86
09 12, 2021 22:09:48 下午 top.greatxiaozou.diyTomcat.Server logJVM
INFO : Java Home:		C:\Program Files (x86)\Java\jdk1.8.0_271\jre
09 12, 2021 22:09:48 下午 top.greatxiaozou.diyTomcat.Server logJVM
INFO : JVM Version:		1.8.0_271-b09
09 12, 2021 22:09:48 下午 top.greatxiaozou.diyTomcat.Server logJVM
INFO : JVM Vendor:		Oracle Corporation
09 12, 2021 22:09:48 下午 top.greatxiaozou.diyTomcat.Server start
INFO : Server startup in 1 ms
09 12, 2021 22:09:52 下午 top.greatxiaozou.diyTomcat.Context <init>
INFO : Deploying web application directory D:\intellij\work_space\diyTomcat\webapps\a
09 12, 2021 22:09:52 下午 top.greatxiaozou.diyTomcat.Context <init>
INFO : Deployment of web application D:\intellij\work_space\diyTomcat\webapps\a has finished in 87 ms
09 12, 2021 22:09:52 下午 top.greatxiaozou.diyTomcat.Context <init>
INFO : Deploying web application directory D:\intellij\work_space\diyTomcat\webapps\ROOT
09 12, 2021 22:09:52 下午 top.greatxiaozou.diyTomcat.Context <init>
INFO : Deployment of web application D:\intellij\work_space\diyTomcat\webapps\ROOT has finished in 0 ms
09 12, 2021 22:09:52 下午 top.greatxiaozou.diyTomcat.Context <init>
INFO : Deploying web application directory D:/intellij/work_space/diyTomcat/b
09 12, 2021 22:09:52 下午 top.greatxiaozou.diyTomcat.Context <init>
INFO : Deployment of web application D:/intellij/work_space/diyTomcat/b has finished in 1 ms
09 12, 2021 22:09:52 下午 top.greatxiaozou.diyTomcat.Server logJVM
INFO : Server version:		Greatxiaozou DiyTomcat/1.0.1
09 12, 2021 22:09:52 下午 top.greatxiaozou.diyTomcat.Server logJVM
INFO : Server built:		2020-04-08 10:20:22
09 12, 2021 22:09:52 下午 top.greatxiaozou.diyTomcat.Server logJVM
INFO : Server number:		1.0.1
09 12, 2021 22:09:52 下午 top.greatxiaozou.diyTomcat.Server logJVM
INFO : OS Name	:		Windows 10
09 12, 2021 22:09:52 下午 top.greatxiaozou.diyTomcat.Server logJVM
INFO : OS Version:		10.0
09 12, 2021 22:09:52 下午 top.greatxiaozou.diyTomcat.Server logJVM
INFO : Architecture:		x86
09 12, 2021 22:09:52 下午 top.greatxiaozou.diyTomcat.Server logJVM
INFO : Java Home:		C:\Program Files (x86)\Java\jdk1.8.0_271\jre
09 12, 2021 22:09:52 下午 top.greatxiaozou.diyTomcat.Server logJVM
INFO : JVM Version:		1.8.0_271-b09
09 12, 2021 22:09:52 下午 top.greatxiaozou.diyTomcat.Server logJVM
INFO : JVM Vendor:		Oracle Corporation
09 12, 2021 22:09:52 下午 top.greatxiaozou.diyTomcat.Server start
INFO : Server startup in 2 ms
09 12, 2021 22:13:23 下午 top.greatxiaozou.diyTomcat.Context <init>
INFO : Deploying web application directory D:\intellij\work_space\diyTomcat\webapps\a
09 12, 2021 22:13:23 下午 top.greatxiaozou.diyTomcat.Context <init>
INFO : Deployment of web application D:\intellij\work_space\diyTomcat\webapps\a has finished in 82 ms
09 12, 2021 22:13:23 下午 top.greatxiaozou.diyTomcat.Context <init>
INFO : Deploying web application directory D:\intellij\work_space\diyTomcat\webapps\ROOT
09 12, 2021 22:13:23 下午 top.greatxiaozou.diyTomcat.Context <init>
INFO : Deployment of web application D:\intellij\work_space\diyTomcat\webapps\ROOT has finished in 0 ms
09 12, 2021 22:13:23 下午 top.greatxiaozou.diyTomcat.Context <init>
INFO : Deploying web application directory D:/intellij/work_space/diyTomcat/b
09 12, 2021 22:13:23 下午 top.greatxiaozou.diyTomcat.Context <init>
INFO : Deployment of web application D:/intellij/work_space/diyTomcat/b has finished in 0 ms
09 12, 2021 22:14:14 下午 top.greatxiaozou.diyTomcat.Server logJVM
INFO : Server version:		Greatxiaozou DiyTomcat/1.0.1
09 12, 2021 22:14:14 下午 top.greatxiaozou.diyTomcat.Server logJVM
INFO : Server built:		2020-04-08 10:20:22
09 12, 2021 22:14:14 下午 top.greatxiaozou.diyTomcat.Server logJVM
INFO : Server number:		1.0.1
09 12, 2021 22:14:14 下午 top.greatxiaozou.diyTomcat.Server logJVM
INFO : OS Name	:		Windows 10
09 12, 2021 22:14:14 下午 top.greatxiaozou.diyTomcat.Server logJVM
INFO : OS Version:		10.0
09 12, 2021 22:14:14 下午 top.greatxiaozou.diyTomcat.Server logJVM
INFO : Architecture:		x86
09 12, 2021 22:14:14 下午 top.greatxiaozou.diyTomcat.Server logJVM
INFO : Java Home:		C:\Program Files (x86)\Java\jdk1.8.0_271\jre
09 12, 2021 22:14:14 下午 top.greatxiaozou.diyTomcat.Server logJVM
INFO : JVM Version:		1.8.0_271-b09
09 12, 2021 22:14:14 下午 top.greatxiaozou.diyTomcat.Server logJVM
INFO : JVM Vendor:		Oracle Corporation
09 12, 2021 22:24:29 下午 top.greatxiaozou.diyTomcat.Server start
INFO : Server startup in 666316 ms
09 12, 2021 22:25:49 下午 top.greatxiaozou.diyTomcat.Context <init>
INFO : Deploying web application directory D:\intellij\work_space\diyTomcat\webapps\a
09 12, 2021 22:25:49 下午 top.greatxiaozou.diyTomcat.Context <init>
INFO : Deployment of web application D:\intellij\work_space\diyTomcat\webapps\a has finished in 62 ms
09 12, 2021 22:25:49 下午 top.greatxiaozou.diyTomcat.Context <init>
INFO : Deploying web application directory D:\intellij\work_space\diyTomcat\webapps\ROOT
09 12, 2021 22:25:49 下午 top.greatxiaozou.diyTomcat.Context <init>
INFO : Deployment of web application D:\intellij\work_space\diyTomcat\webapps\ROOT has finished in 0 ms
09 12, 2021 22:25:49 下午 top.greatxiaozou.diyTomcat.Context <init>
INFO : Deploying web application directory D:/intellij/work_space/diyTomcat/b
09 12, 2021 22:25:49 下午 top.greatxiaozou.diyTomcat.Context <init>
INFO : Deployment of web application D:/intellij/work_space/diyTomcat/b has finished in 0 ms
09 12, 2021 22:25:49 下午 top.greatxiaozou.diyTomcat.Server logJVM
INFO : Server version:		Greatxiaozou DiyTomcat/1.0.1
09 12, 2021 22:25:49 下午 top.greatxiaozou.diyTomcat.Server logJVM
INFO : Server built:		2020-04-08 10:20:22
09 12, 2021 22:25:49 下午 top.greatxiaozou.diyTomcat.Server logJVM
INFO : Server number:		1.0.1
09 12, 2021 22:25:49 下午 top.greatxiaozou.diyTomcat.Server logJVM
INFO : OS Name	:		Windows 10
09 12, 2021 22:25:49 下午 top.greatxiaozou.diyTomcat.Server logJVM
INFO : OS Version:		10.0
09 12, 2021 22:25:49 下午 top.greatxiaozou.diyTomcat.Server logJVM
INFO : Architecture:		x86
09 12, 2021 22:25:49 下午 top.greatxiaozou.diyTomcat.Server logJVM
INFO : Java Home:		C:\Program Files (x86)\Java\jdk1.8.0_271\jre
09 12, 2021 22:25:49 下午 top.greatxiaozou.diyTomcat.Server logJVM
INFO : JVM Version:		1.8.0_271-b09
09 12, 2021 22:25:49 下午 top.greatxiaozou.diyTomcat.Server logJVM
INFO : JVM Vendor:		Oracle Corporation
09 12, 2021 22:25:49 下午 top.greatxiaozou.diyTomcat.Connector init
INFO : initializing ProtocolHandler {http-bio-18080}
09 12, 2021 22:25:49 下午 top.greatxiaozou.diyTomcat.Connector start
INFO : Starting ProtocolHandler {http-bio-18080}
09 12, 2021 22:25:49 下午 top.greatxiaozou.diyTomcat.Connector init
INFO : initializing ProtocolHandler {http-bio-18081}
09 12, 2021 22:25:49 下午 top.greatxiaozou.diyTomcat.Connector start
INFO : Starting ProtocolHandler {http-bio-18081}
09 12, 2021 22:25:49 下午 top.greatxiaozou.diyTomcat.Connector init
INFO : initializing ProtocolHandler {http-bio-18082}
09 12, 2021 22:25:49 下午 top.greatxiaozou.diyTomcat.Connector start
INFO : Starting ProtocolHandler {http-bio-18082}
09 12, 2021 22:25:49 下午 top.greatxiaozou.diyTomcat.Server start
INFO : Server startup in 4 ms
09 12, 2021 23:10:49 下午 top.greatxiaozou.diyTomcat.Context <init>
INFO : Deploying web application directory D:\intellij\work_space\diyTomcat\webapps\a
09 12, 2021 23:10:49 下午 top.greatxiaozou.diyTomcat.Context <init>
INFO : Deployment of web application D:\intellij\work_space\diyTomcat\webapps\a has finished in 64 ms
09 12, 2021 23:10:49 下午 top.greatxiaozou.diyTomcat.Context <init>
INFO : Deploying web application directory D:\intellij\work_space\diyTomcat\webapps\ROOT
09 12, 2021 23:10:49 下午 top.greatxiaozou.diyTomcat.Context <init>
INFO : Deployment of web application D:\intellij\work_space\diyTomcat\webapps\ROOT has finished in 0 ms
09 12, 2021 23:10:49 下午 top.greatxiaozou.diyTomcat.Context <init>
INFO : Deploying web application directory D:/intellij/work_space/diyTomcat/b
09 12, 2021 23:10:49 下午 top.greatxiaozou.diyTomcat.Context <init>
INFO : Deployment of web application D:/intellij/work_space/diyTomcat/b has finished in 0 ms
09 12, 2021 23:10:49 下午 top.greatxiaozou.diyTomcat.Server logJVM
INFO : Server version:		Greatxiaozou DiyTomcat/1.0.1
09 12, 2021 23:10:49 下午 top.greatxiaozou.diyTomcat.Server logJVM
INFO : Server built:		2020-04-08 10:20:22
09 12, 2021 23:10:49 下午 top.greatxiaozou.diyTomcat.Server logJVM
INFO : Server number:		1.0.1
09 12, 2021 23:10:49 下午 top.greatxiaozou.diyTomcat.Server logJVM
INFO : OS Name	:		Windows 10
09 12, 2021 23:10:49 下午 top.greatxiaozou.diyTomcat.Server logJVM
INFO : OS Version:		10.0
09 12, 2021 23:10:49 下午 top.greatxiaozou.diyTomcat.Server logJVM
INFO : Architecture:		x86
09 12, 2021 23:10:49 下午 top.greatxiaozou.diyTomcat.Server logJVM
INFO : Java Home:		C:\Program Files (x86)\Java\jdk1.8.0_271\jre
09 12, 2021 23:10:49 下午 top.greatxiaozou.diyTomcat.Server logJVM
INFO : JVM Version:		1.8.0_271-b09
09 12, 2021 23:10:49 下午 top.greatxiaozou.diyTomcat.Server logJVM
INFO : JVM Vendor:		Oracle Corporation
09 12, 2021 23:10:49 下午 top.greatxiaozou.diyTomcat.Connector init
INFO : initializing ProtocolHandler {http-bio-18080}
09 12, 2021 23:10:49 下午 top.greatxiaozou.diyTomcat.Connector start
INFO : Starting ProtocolHandler {http-bio-18080}
09 12, 2021 23:10:49 下午 top.greatxiaozou.diyTomcat.Connector init
INFO : initializing ProtocolHandler {http-bio-18081}
09 12, 2021 23:10:49 下午 top.greatxiaozou.diyTomcat.Connector start
INFO : Starting ProtocolHandler {http-bio-18081}
09 12, 2021 23:10:49 下午 top.greatxiaozou.diyTomcat.Connector init
INFO : initializing ProtocolHandler {http-bio-18082}
09 12, 2021 23:10:49 下午 top.greatxiaozou.diyTomcat.Connector start
INFO : Starting ProtocolHandler {http-bio-18082}
09 12, 2021 23:10:49 下午 top.greatxiaozou.diyTomcat.Server start
INFO : Server startup in 4 ms
09 12, 2021 23:11:09 下午 top.greatxiaozou.diyTomcat.HttpProcessor error
ERROR: Test 500 page!
java.lang.RuntimeException: Test 500 page!
	at top.greatxiaozou.diyTomcat.HttpProcessor.executor(HttpProcessor.java:35)
	at top.greatxiaozou.diyTomcat.Connector.lambda$run$0(Connector.java:71)
	at java.util.concurrent.ThreadPoolExecutor.runWorker(ThreadPoolExecutor.java:1149)
	at java.util.concurrent.ThreadPoolExecutor$Worker.run(ThreadPoolExecutor.java:624)
	at java.lang.Thread.run(Thread.java:748)
09 12, 2021 23:13:24 下午 top.greatxiaozou.diyTomcat.HttpProcessor error
ERROR: Test 500 page!
java.lang.RuntimeException: Test 500 page!
	at top.greatxiaozou.diyTomcat.HttpProcessor.executor(HttpProcessor.java:35)
	at top.greatxiaozou.diyTomcat.Connector.lambda$run$0(Connector.java:71)
	at java.util.concurrent.ThreadPoolExecutor.runWorker(ThreadPoolExecutor.java:1149)
	at java.util.concurrent.ThreadPoolExecutor$Worker.run(ThreadPoolExecutor.java:624)
	at java.lang.Thread.run(Thread.java:748)
