09 05, 2021 11:34:15 上午 top.greatxiaozou.diyTomcat.Context <init>
INFO : Deploying web application directory D:\intellij\work_space\diyTomcat\webapps\a
09 05, 2021 11:34:15 上午 top.greatxiaozou.diyTomcat.Context <init>
INFO : Deployment of web application D:\intellij\work_space\diyTomcat\webapps\a has finished in 80 ms
09 05, 2021 11:34:15 上午 top.greatxiaozou.diyTomcat.Context <init>
INFO : Deploying web application directory D:\intellij\work_space\diyTomcat\webapps\ROOT
09 05, 2021 11:34:15 上午 top.greatxiaozou.diyTomcat.Context <init>
INFO : Deployment of web application D:\intellij\work_space\diyTomcat\webapps\ROOT has finished in 0 ms
09 05, 2021 11:34:15 上午 top.greatxiaozou.diyTomcat.Context <init>
INFO : Deploying web application directory D:/intellij/work_space/diyTomcat/b
09 05, 2021 11:34:15 上午 top.greatxiaozou.diyTomcat.Context <init>
INFO : Deployment of web application D:/intellij/work_space/diyTomcat/b has finished in 0 ms
09 05, 2021 11:34:15 上午 top.greatxiaozou.diyTomcat.Bootstrap logJVM
INFO : Server version:		Greatxiaozou DiyTomcat/1.0.1
09 05, 2021 11:34:15 上午 top.greatxiaozou.diyTomcat.Bootstrap logJVM
INFO : Server built:		2020-04-08 10:20:22
09 05, 2021 11:34:15 上午 top.greatxiaozou.diyTomcat.Bootstrap logJVM
INFO : Server number:		1.0.1
09 05, 2021 11:34:15 上午 top.greatxiaozou.diyTomcat.Bootstrap logJVM
INFO : OS Name	:		Windows 10
09 05, 2021 11:34:15 上午 top.greatxiaozou.diyTomcat.Bootstrap logJVM
INFO : OS Version:		10.0
09 05, 2021 11:34:15 上午 top.greatxiaozou.diyTomcat.Bootstrap logJVM
INFO : Architecture:		x86
09 05, 2021 11:34:15 上午 top.greatxiaozou.diyTomcat.Bootstrap logJVM
INFO : Java Home:		C:\Program Files (x86)\Java\jdk1.8.0_271\jre
09 05, 2021 11:34:15 上午 top.greatxiaozou.diyTomcat.Bootstrap logJVM
INFO : JVM Version:		1.8.0_271-b09
09 05, 2021 11:34:15 上午 top.greatxiaozou.diyTomcat.Bootstrap logJVM
INFO : JVM Vendor:		Oracle Corporation
09 05, 2021 15:59:58 下午 top.greatxiaozou.diyTomcat.Context <init>
INFO : Deploying web application directory D:\intellij\work_space\diyTomcat\webapps\a
09 05, 2021 15:59:58 下午 top.greatxiaozou.diyTomcat.Context <init>
INFO : Deployment of web application D:\intellij\work_space\diyTomcat\webapps\a has finished in 62 ms
09 05, 2021 15:59:58 下午 top.greatxiaozou.diyTomcat.Context <init>
INFO : Deploying web application directory D:\intellij\work_space\diyTomcat\webapps\ROOT
09 05, 2021 15:59:58 下午 top.greatxiaozou.diyTomcat.Context <init>
INFO : Deployment of web application D:\intellij\work_space\diyTomcat\webapps\ROOT has finished in 1 ms
09 05, 2021 15:59:58 下午 top.greatxiaozou.diyTomcat.Context <init>
INFO : Deploying web application directory D:/intellij/work_space/diyTomcat/b
09 05, 2021 15:59:58 下午 top.greatxiaozou.diyTomcat.Context <init>
INFO : Deployment of web application D:/intellij/work_space/diyTomcat/b has finished in 0 ms
09 05, 2021 15:59:58 下午 top.greatxiaozou.diyTomcat.Server logJVM
INFO : Server version:		Greatxiaozou DiyTomcat/1.0.1
09 05, 2021 15:59:58 下午 top.greatxiaozou.diyTomcat.Server logJVM
INFO : Server built:		2020-04-08 10:20:22
09 05, 2021 15:59:58 下午 top.greatxiaozou.diyTomcat.Server logJVM
INFO : Server number:		1.0.1
09 05, 2021 15:59:58 下午 top.greatxiaozou.diyTomcat.Server logJVM
INFO : OS Name	:		Windows 10
09 05, 2021 15:59:58 下午 top.greatxiaozou.diyTomcat.Server logJVM
INFO : OS Version:		10.0
09 05, 2021 15:59:58 下午 top.greatxiaozou.diyTomcat.Server logJVM
INFO : Architecture:		x86
09 05, 2021 15:59:58 下午 top.greatxiaozou.diyTomcat.Server logJVM
INFO : Java Home:		C:\Program Files (x86)\Java\jdk1.8.0_271\jre
09 05, 2021 15:59:58 下午 top.greatxiaozou.diyTomcat.Server logJVM
INFO : JVM Version:		1.8.0_271-b09
09 05, 2021 15:59:58 下午 top.greatxiaozou.diyTomcat.Server logJVM
INFO : JVM Vendor:		Oracle Corporation
09 05, 2021 15:59:58 下午 top.greatxiaozou.diyTomcat.Server logJVM
INFO : Server version:		Greatxiaozou DiyTomcat/1.0.1
09 05, 2021 15:59:58 下午 top.greatxiaozou.diyTomcat.Server logJVM
INFO : Server built:		2020-04-08 10:20:22
09 05, 2021 15:59:58 下午 top.greatxiaozou.diyTomcat.Server logJVM
INFO : Server number:		1.0.1
09 05, 2021 15:59:58 下午 top.greatxiaozou.diyTomcat.Server logJVM
INFO : OS Name	:		Windows 10
09 05, 2021 15:59:58 下午 top.greatxiaozou.diyTomcat.Server logJVM
INFO : OS Version:		10.0
09 05, 2021 15:59:58 下午 top.greatxiaozou.diyTomcat.Server logJVM
INFO : Architecture:		x86
09 05, 2021 15:59:58 下午 top.greatxiaozou.diyTomcat.Server logJVM
INFO : Java Home:		C:\Program Files (x86)\Java\jdk1.8.0_271\jre
09 05, 2021 15:59:58 下午 top.greatxiaozou.diyTomcat.Server logJVM
INFO : JVM Version:		1.8.0_271-b09
09 05, 2021 15:59:58 下午 top.greatxiaozou.diyTomcat.Server logJVM
INFO : JVM Vendor:		Oracle Corporation
09 05, 2021 16:18:34 下午 top.greatxiaozou.diyTomcat.Context <init>
INFO : Deploying web application directory D:\intellij\work_space\diyTomcat\webapps\a
09 05, 2021 16:18:34 下午 top.greatxiaozou.diyTomcat.Context <init>
INFO : Deployment of web application D:\intellij\work_space\diyTomcat\webapps\a has finished in 64 ms
09 05, 2021 16:18:34 下午 top.greatxiaozou.diyTomcat.Context <init>
INFO : Deploying web application directory D:\intellij\work_space\diyTomcat\webapps\ROOT
09 05, 2021 16:18:34 下午 top.greatxiaozou.diyTomcat.Context <init>
INFO : Deployment of web application D:\intellij\work_space\diyTomcat\webapps\ROOT has finished in 0 ms
09 05, 2021 16:18:34 下午 top.greatxiaozou.diyTomcat.Context <init>
INFO : Deploying web application directory D:/intellij/work_space/diyTomcat/b
09 05, 2021 16:18:34 下午 top.greatxiaozou.diyTomcat.Context <init>
INFO : Deployment of web application D:/intellij/work_space/diyTomcat/b has finished in 0 ms
09 05, 2021 16:18:34 下午 top.greatxiaozou.diyTomcat.Server logJVM
INFO : Server version:		Greatxiaozou DiyTomcat/1.0.1
09 05, 2021 16:18:34 下午 top.greatxiaozou.diyTomcat.Server logJVM
INFO : Server built:		2020-04-08 10:20:22
09 05, 2021 16:18:34 下午 top.greatxiaozou.diyTomcat.Server logJVM
INFO : Server number:		1.0.1
09 05, 2021 16:18:34 下午 top.greatxiaozou.diyTomcat.Server logJVM
INFO : OS Name	:		Windows 10
09 05, 2021 16:18:34 下午 top.greatxiaozou.diyTomcat.Server logJVM
INFO : OS Version:		10.0
09 05, 2021 16:18:34 下午 top.greatxiaozou.diyTomcat.Server logJVM
INFO : Architecture:		x86
09 05, 2021 16:18:34 下午 top.greatxiaozou.diyTomcat.Server logJVM
INFO : Java Home:		C:\Program Files (x86)\Java\jdk1.8.0_271\jre
09 05, 2021 16:18:34 下午 top.greatxiaozou.diyTomcat.Server logJVM
INFO : JVM Version:		1.8.0_271-b09
09 05, 2021 16:18:34 下午 top.greatxiaozou.diyTomcat.Server logJVM
INFO : JVM Vendor:		Oracle Corporation
09 05, 2021 16:18:34 下午 top.greatxiaozou.diyTomcat.Server logJVM
INFO : Server version:		Greatxiaozou DiyTomcat/1.0.1
09 05, 2021 16:18:34 下午 top.greatxiaozou.diyTomcat.Server logJVM
INFO : Server built:		2020-04-08 10:20:22
09 05, 2021 16:18:34 下午 top.greatxiaozou.diyTomcat.Server logJVM
INFO : Server number:		1.0.1
09 05, 2021 16:18:34 下午 top.greatxiaozou.diyTomcat.Server logJVM
INFO : OS Name	:		Windows 10
09 05, 2021 16:18:34 下午 top.greatxiaozou.diyTomcat.Server logJVM
INFO : OS Version:		10.0
09 05, 2021 16:18:34 下午 top.greatxiaozou.diyTomcat.Server logJVM
INFO : Architecture:		x86
09 05, 2021 16:18:34 下午 top.greatxiaozou.diyTomcat.Server logJVM
INFO : Java Home:		C:\Program Files (x86)\Java\jdk1.8.0_271\jre
09 05, 2021 16:18:34 下午 top.greatxiaozou.diyTomcat.Server logJVM
INFO : JVM Version:		1.8.0_271-b09
09 05, 2021 16:18:34 下午 top.greatxiaozou.diyTomcat.Server logJVM
INFO : JVM Vendor:		Oracle Corporation
09 05, 2021 16:37:39 下午 top.greatxiaozou.diyTomcat.Context <init>
INFO : Deploying web application directory D:\intellij\work_space\diyTomcat\webapps\a
09 05, 2021 16:37:39 下午 top.greatxiaozou.diyTomcat.Context <init>
INFO : Deployment of web application D:\intellij\work_space\diyTomcat\webapps\a has finished in 70 ms
09 05, 2021 16:37:39 下午 top.greatxiaozou.diyTomcat.Context <init>
INFO : Deploying web application directory D:\intellij\work_space\diyTomcat\webapps\ROOT
09 05, 2021 16:37:39 下午 top.greatxiaozou.diyTomcat.Context <init>
INFO : Deployment of web application D:\intellij\work_space\diyTomcat\webapps\ROOT has finished in 0 ms
09 05, 2021 16:37:39 下午 top.greatxiaozou.diyTomcat.Context <init>
INFO : Deploying web application directory D:/intellij/work_space/diyTomcat/b
09 05, 2021 16:37:39 下午 top.greatxiaozou.diyTomcat.Context <init>
INFO : Deployment of web application D:/intellij/work_space/diyTomcat/b has finished in 0 ms
09 05, 2021 16:37:39 下午 top.greatxiaozou.diyTomcat.Server logJVM
INFO : Server version:		Greatxiaozou DiyTomcat/1.0.1
09 05, 2021 16:37:39 下午 top.greatxiaozou.diyTomcat.Server logJVM
INFO : Server built:		2020-04-08 10:20:22
09 05, 2021 16:37:39 下午 top.greatxiaozou.diyTomcat.Server logJVM
INFO : Server number:		1.0.1
09 05, 2021 16:37:39 下午 top.greatxiaozou.diyTomcat.Server logJVM
INFO : OS Name	:		Windows 10
09 05, 2021 16:37:39 下午 top.greatxiaozou.diyTomcat.Server logJVM
INFO : OS Version:		10.0
09 05, 2021 16:37:39 下午 top.greatxiaozou.diyTomcat.Server logJVM
INFO : Architecture:		x86
09 05, 2021 16:37:39 下午 top.greatxiaozou.diyTomcat.Server logJVM
INFO : Java Home:		C:\Program Files (x86)\Java\jdk1.8.0_271\jre
09 05, 2021 16:37:39 下午 top.greatxiaozou.diyTomcat.Server logJVM
INFO : JVM Version:		1.8.0_271-b09
09 05, 2021 16:37:39 下午 top.greatxiaozou.diyTomcat.Server logJVM
INFO : JVM Vendor:		Oracle Corporation
09 05, 2021 16:37:39 下午 top.greatxiaozou.diyTomcat.Server logJVM
INFO : Server version:		Greatxiaozou DiyTomcat/1.0.1
09 05, 2021 16:37:39 下午 top.greatxiaozou.diyTomcat.Server logJVM
INFO : Server built:		2020-04-08 10:20:22
09 05, 2021 16:37:39 下午 top.greatxiaozou.diyTomcat.Server logJVM
INFO : Server number:		1.0.1
09 05, 2021 16:37:39 下午 top.greatxiaozou.diyTomcat.Server logJVM
INFO : OS Name	:		Windows 10
09 05, 2021 16:37:39 下午 top.greatxiaozou.diyTomcat.Server logJVM
INFO : OS Version:		10.0
09 05, 2021 16:37:39 下午 top.greatxiaozou.diyTomcat.Server logJVM
INFO : Architecture:		x86
09 05, 2021 16:37:39 下午 top.greatxiaozou.diyTomcat.Server logJVM
INFO : Java Home:		C:\Program Files (x86)\Java\jdk1.8.0_271\jre
09 05, 2021 16:37:39 下午 top.greatxiaozou.diyTomcat.Server logJVM
INFO : JVM Version:		1.8.0_271-b09
09 05, 2021 16:37:39 下午 top.greatxiaozou.diyTomcat.Server logJVM
INFO : JVM Vendor:		Oracle Corporation
09 05, 2021 16:43:13 下午 top.greatxiaozou.diyTomcat.Context <init>
INFO : Deploying web application directory D:\intellij\work_space\diyTomcat\webapps\a
09 05, 2021 16:43:13 下午 top.greatxiaozou.diyTomcat.Context <init>
INFO : Deployment of web application D:\intellij\work_space\diyTomcat\webapps\a has finished in 62 ms
09 05, 2021 16:43:13 下午 top.greatxiaozou.diyTomcat.Context <init>
INFO : Deploying web application directory D:\intellij\work_space\diyTomcat\webapps\ROOT
09 05, 2021 16:43:13 下午 top.greatxiaozou.diyTomcat.Context <init>
INFO : Deployment of web application D:\intellij\work_space\diyTomcat\webapps\ROOT has finished in 1 ms
09 05, 2021 16:43:13 下午 top.greatxiaozou.diyTomcat.Context <init>
INFO : Deploying web application directory D:/intellij/work_space/diyTomcat/b
09 05, 2021 16:43:13 下午 top.greatxiaozou.diyTomcat.Context <init>
INFO : Deployment of web application D:/intellij/work_space/diyTomcat/b has finished in 0 ms
09 05, 2021 16:43:13 下午 top.greatxiaozou.diyTomcat.Server logJVM
INFO : Server version:		Greatxiaozou DiyTomcat/1.0.1
09 05, 2021 16:43:13 下午 top.greatxiaozou.diyTomcat.Server logJVM
INFO : Server built:		2020-04-08 10:20:22
09 05, 2021 16:43:13 下午 top.greatxiaozou.diyTomcat.Server logJVM
INFO : Server number:		1.0.1
09 05, 2021 16:43:13 下午 top.greatxiaozou.diyTomcat.Server logJVM
INFO : OS Name	:		Windows 10
09 05, 2021 16:43:13 下午 top.greatxiaozou.diyTomcat.Server logJVM
INFO : OS Version:		10.0
09 05, 2021 16:43:13 下午 top.greatxiaozou.diyTomcat.Server logJVM
INFO : Architecture:		x86
09 05, 2021 16:43:13 下午 top.greatxiaozou.diyTomcat.Server logJVM
INFO : Java Home:		C:\Program Files (x86)\Java\jdk1.8.0_271\jre
09 05, 2021 16:43:13 下午 top.greatxiaozou.diyTomcat.Server logJVM
INFO : JVM Version:		1.8.0_271-b09
09 05, 2021 16:43:13 下午 top.greatxiaozou.diyTomcat.Server logJVM
INFO : JVM Vendor:		Oracle Corporation
09 05, 2021 16:43:13 下午 top.greatxiaozou.diyTomcat.Server logJVM
INFO : Server version:		Greatxiaozou DiyTomcat/1.0.1
09 05, 2021 16:43:13 下午 top.greatxiaozou.diyTomcat.Server logJVM
INFO : Server built:		2020-04-08 10:20:22
09 05, 2021 16:43:13 下午 top.greatxiaozou.diyTomcat.Server logJVM
INFO : Server number:		1.0.1
09 05, 2021 16:43:13 下午 top.greatxiaozou.diyTomcat.Server logJVM
INFO : OS Name	:		Windows 10
09 05, 2021 16:43:13 下午 top.greatxiaozou.diyTomcat.Server logJVM
INFO : OS Version:		10.0
09 05, 2021 16:43:13 下午 top.greatxiaozou.diyTomcat.Server logJVM
INFO : Architecture:		x86
09 05, 2021 16:43:13 下午 top.greatxiaozou.diyTomcat.Server logJVM
INFO : Java Home:		C:\Program Files (x86)\Java\jdk1.8.0_271\jre
09 05, 2021 16:43:13 下午 top.greatxiaozou.diyTomcat.Server logJVM
INFO : JVM Version:		1.8.0_271-b09
09 05, 2021 16:43:13 下午 top.greatxiaozou.diyTomcat.Server logJVM
INFO : JVM Vendor:		Oracle Corporation
09 05, 2021 16:50:09 下午 top.greatxiaozou.diyTomcat.Context <init>
INFO : Deploying web application directory D:\intellij\work_space\diyTomcat\webapps\a
09 05, 2021 16:50:09 下午 top.greatxiaozou.diyTomcat.Context <init>
INFO : Deployment of web application D:\intellij\work_space\diyTomcat\webapps\a has finished in 77 ms
09 05, 2021 16:50:09 下午 top.greatxiaozou.diyTomcat.Context <init>
INFO : Deploying web application directory D:\intellij\work_space\diyTomcat\webapps\ROOT
09 05, 2021 16:50:09 下午 top.greatxiaozou.diyTomcat.Context <init>
INFO : Deployment of web application D:\intellij\work_space\diyTomcat\webapps\ROOT has finished in 0 ms
09 05, 2021 16:50:09 下午 top.greatxiaozou.diyTomcat.Context <init>
INFO : Deploying web application directory D:/intellij/work_space/diyTomcat/b
09 05, 2021 16:50:09 下午 top.greatxiaozou.diyTomcat.Context <init>
INFO : Deployment of web application D:/intellij/work_space/diyTomcat/b has finished in 0 ms
09 05, 2021 16:50:09 下午 top.greatxiaozou.diyTomcat.Server logJVM
INFO : Server version:		Greatxiaozou DiyTomcat/1.0.1
09 05, 2021 16:50:09 下午 top.greatxiaozou.diyTomcat.Server logJVM
INFO : Server built:		2020-04-08 10:20:22
09 05, 2021 16:50:09 下午 top.greatxiaozou.diyTomcat.Server logJVM
INFO : Server number:		1.0.1
09 05, 2021 16:50:09 下午 top.greatxiaozou.diyTomcat.Server logJVM
INFO : OS Name	:		Windows 10
09 05, 2021 16:50:09 下午 top.greatxiaozou.diyTomcat.Server logJVM
INFO : OS Version:		10.0
09 05, 2021 16:50:09 下午 top.greatxiaozou.diyTomcat.Server logJVM
INFO : Architecture:		x86
09 05, 2021 16:50:09 下午 top.greatxiaozou.diyTomcat.Server logJVM
INFO : Java Home:		C:\Program Files (x86)\Java\jdk1.8.0_271\jre
09 05, 2021 16:50:09 下午 top.greatxiaozou.diyTomcat.Server logJVM
INFO : JVM Version:		1.8.0_271-b09
09 05, 2021 16:50:09 下午 top.greatxiaozou.diyTomcat.Server logJVM
INFO : JVM Vendor:		Oracle Corporation
09 05, 2021 16:50:09 下午 top.greatxiaozou.diyTomcat.Server logJVM
INFO : Server version:		Greatxiaozou DiyTomcat/1.0.1
09 05, 2021 16:50:09 下午 top.greatxiaozou.diyTomcat.Server logJVM
INFO : Server built:		2020-04-08 10:20:22
09 05, 2021 16:50:09 下午 top.greatxiaozou.diyTomcat.Server logJVM
INFO : Server number:		1.0.1
09 05, 2021 16:50:09 下午 top.greatxiaozou.diyTomcat.Server logJVM
INFO : OS Name	:		Windows 10
09 05, 2021 16:50:09 下午 top.greatxiaozou.diyTomcat.Server logJVM
INFO : OS Version:		10.0
09 05, 2021 16:50:09 下午 top.greatxiaozou.diyTomcat.Server logJVM
INFO : Architecture:		x86
09 05, 2021 16:50:09 下午 top.greatxiaozou.diyTomcat.Server logJVM
INFO : Java Home:		C:\Program Files (x86)\Java\jdk1.8.0_271\jre
09 05, 2021 16:50:09 下午 top.greatxiaozou.diyTomcat.Server logJVM
INFO : JVM Version:		1.8.0_271-b09
09 05, 2021 16:50:09 下午 top.greatxiaozou.diyTomcat.Server logJVM
INFO : JVM Vendor:		Oracle Corporation
09 05, 2021 17:07:26 下午 top.greatxiaozou.diyTomcat.Context <init>
INFO : Deploying web application directory D:\intellij\work_space\diyTomcat\webapps\a
09 05, 2021 17:07:26 下午 top.greatxiaozou.diyTomcat.Context <init>
INFO : Deployment of web application D:\intellij\work_space\diyTomcat\webapps\a has finished in 63 ms
09 05, 2021 17:07:26 下午 top.greatxiaozou.diyTomcat.Context <init>
INFO : Deploying web application directory D:\intellij\work_space\diyTomcat\webapps\ROOT
09 05, 2021 17:07:26 下午 top.greatxiaozou.diyTomcat.Context <init>
INFO : Deployment of web application D:\intellij\work_space\diyTomcat\webapps\ROOT has finished in 0 ms
09 05, 2021 17:07:26 下午 top.greatxiaozou.diyTomcat.Context <init>
INFO : Deploying web application directory D:/intellij/work_space/diyTomcat/b
09 05, 2021 17:07:26 下午 top.greatxiaozou.diyTomcat.Context <init>
INFO : Deployment of web application D:/intellij/work_space/diyTomcat/b has finished in 0 ms
09 05, 2021 17:07:26 下午 top.greatxiaozou.diyTomcat.Server logJVM
INFO : Server version:		Greatxiaozou DiyTomcat/1.0.1
09 05, 2021 17:07:26 下午 top.greatxiaozou.diyTomcat.Server logJVM
INFO : Server built:		2020-04-08 10:20:22
09 05, 2021 17:07:26 下午 top.greatxiaozou.diyTomcat.Server logJVM
INFO : Server number:		1.0.1
09 05, 2021 17:07:26 下午 top.greatxiaozou.diyTomcat.Server logJVM
INFO : OS Name	:		Windows 10
09 05, 2021 17:07:26 下午 top.greatxiaozou.diyTomcat.Server logJVM
INFO : OS Version:		10.0
09 05, 2021 17:07:26 下午 top.greatxiaozou.diyTomcat.Server logJVM
INFO : Architecture:		x86
09 05, 2021 17:07:26 下午 top.greatxiaozou.diyTomcat.Server logJVM
INFO : Java Home:		C:\Program Files (x86)\Java\jdk1.8.0_271\jre
09 05, 2021 17:07:26 下午 top.greatxiaozou.diyTomcat.Server logJVM
INFO : JVM Version:		1.8.0_271-b09
09 05, 2021 17:07:26 下午 top.greatxiaozou.diyTomcat.Server logJVM
INFO : JVM Vendor:		Oracle Corporation
09 05, 2021 17:07:26 下午 top.greatxiaozou.diyTomcat.Server logJVM
INFO : Server version:		Greatxiaozou DiyTomcat/1.0.1
09 05, 2021 17:07:26 下午 top.greatxiaozou.diyTomcat.Server logJVM
INFO : Server built:		2020-04-08 10:20:22
09 05, 2021 17:07:26 下午 top.greatxiaozou.diyTomcat.Server logJVM
INFO : Server number:		1.0.1
09 05, 2021 17:07:26 下午 top.greatxiaozou.diyTomcat.Server logJVM
INFO : OS Name	:		Windows 10
09 05, 2021 17:07:26 下午 top.greatxiaozou.diyTomcat.Server logJVM
INFO : OS Version:		10.0
09 05, 2021 17:07:26 下午 top.greatxiaozou.diyTomcat.Server logJVM
INFO : Architecture:		x86
09 05, 2021 17:07:26 下午 top.greatxiaozou.diyTomcat.Server logJVM
INFO : Java Home:		C:\Program Files (x86)\Java\jdk1.8.0_271\jre
09 05, 2021 17:07:26 下午 top.greatxiaozou.diyTomcat.Server logJVM
INFO : JVM Version:		1.8.0_271-b09
09 05, 2021 17:07:26 下午 top.greatxiaozou.diyTomcat.Server logJVM
INFO : JVM Vendor:		Oracle Corporation
